Log file open, 11/23/20 15:01:53
LogInit: Display: Running engine for game: ProceduralGeneration
LogPlatformFile: Not using cached read wrapper
LogTaskGraph: Started task graph with 5 named threads and 23 total threads with 3 sets of task threads.
LogStats: Stats thread started at 0.311500
LogD3D11RHI: Loaded GFSDK_Aftermath_Lib.x64.dll
LogICUInternationalization: ICU TimeZone Detection - Raw Offset: +0:00, Platform Override: ''
LogPluginManager: Mounting plugin Paper2D
LogPluginManager: Mounting plugin AISupport
LogPluginManager: Mounting plugin LightPropagationVolume
LogPluginManager: Mounting plugin CameraShakePreviewer
LogPluginManager: Mounting plugin ActorLayerUtilities
LogPluginManager: Mounting plugin AnimationSharing
LogPluginManager: Mounting plugin CLionSourceCodeAccess
LogPluginManager: Mounting plugin CodeLiteSourceCodeAccess
LogPluginManager: Mounting plugin GitSourceControl
LogPluginManager: Mounting plugin KDevelopSourceCodeAccess
LogPluginManager: Mounting plugin NullSourceCodeAccess
LogPluginManager: Mounting plugin PerforceSourceControl
LogPluginManager: Mounting plugin PlasticSourceControl
LogPluginManager: Mounting plugin RiderSourceCodeAccess
LogPluginManager: Mounting plugin SubversionSourceControl
LogPluginManager: Mounting plugin UObjectPlugin
LogPluginManager: Mounting plugin VisualStudioCodeSourceCodeAccess
LogPluginManager: Mounting plugin VisualStudioSourceCodeAccess
LogPluginManager: Mounting plugin XCodeSourceCodeAccess
LogPluginManager: Mounting plugin AssetManagerEditor
LogPluginManager: Mounting plugin CryptoKeys
LogPluginManager: Mounting plugin CurveEditorTools
LogPluginManager: Mounting plugin DataValidation
LogPluginManager: Mounting plugin EditorScriptingUtilities
LogPluginManager: Mounting plugin FacialAnimation
LogPluginManager: Mounting plugin GameplayTagsEditor
LogPluginManager: Mounting plugin GeometryMode
LogPluginManager: Mounting plugin MacGraphicsSwitching
LogPluginManager: Mounting plugin MaterialAnalyzer
LogPluginManager: Mounting plugin MobileLauncherProfileWizard
LogPluginManager: Mounting plugin PluginBrowser
LogPluginManager: Mounting plugin SpeedTreeImporter
LogPluginManager: Mounting plugin DatasmithContent
LogPluginManager: Mounting plugin VariantManagerContent
LogPluginManager: Mounting plugin AlembicImporter
LogPluginManager: Mounting plugin AutomationUtils
LogPluginManager: Mounting plugin BackChannel
LogPluginManager: Mounting plugin ChaosCloth
LogPluginManager: Mounting plugin ChaosClothEditor
LogPluginManager: Mounting plugin ChaosEditor
LogPluginManager: Mounting plugin ChaosNiagara
LogPluginManager: Mounting plugin ChaosSolverPlugin
LogPluginManager: Mounting plugin CharacterAI
LogPluginManager: Mounting plugin GeometryCache
LogPluginManager: Mounting plugin GeometryCollectionPlugin
LogPluginManager: Mounting plugin GeometryProcessing
LogPluginManager: Mounting plugin PlanarCut
LogPluginManager: Mounting plugin PlatformCrypto
LogPluginManager: Mounting plugin ProxyLODPlugin
LogPluginManager: Mounting plugin SkeletalReduction
LogPluginManager: Mounting plugin Niagara
LogPluginManager: Mounting plugin MagicLeap
LogPluginManager: Mounting plugin MagicLeapLightEstimation
LogPluginManager: Mounting plugin MagicLeapMedia
LogPluginManager: Mounting plugin MagicLeapPassableWorld
LogPluginManager: Mounting plugin MLSDK
LogPluginManager: Mounting plugin AndroidMedia
LogPluginManager: Mounting plugin AvfMedia
LogPluginManager: Mounting plugin ImgMedia
LogPluginManager: Mounting plugin MediaCompositing
LogPluginManager: Mounting plugin MediaPlayerEditor
LogPluginManager: Mounting plugin WebMMedia
LogPluginManager: Mounting plugin WmfMedia
LogPluginManager: Mounting plugin MeshPainting
LogPluginManager: Mounting plugin TcpMessaging
LogPluginManager: Mounting plugin UdpMessaging
LogPluginManager: Mounting plugin ActorSequence
LogPluginManager: Mounting plugin LevelSequenceEditor
LogPluginManager: Mounting plugin MatineeToLevelSequence
LogPluginManager: Mounting plugin MovieRenderPipeline
LogPluginManager: Mounting plugin TemplateSequence
LogPluginManager: Mounting plugin NetcodeUnitTest
LogPluginManager: Mounting plugin NUTUnrealEngine4
LogPluginManager: Mounting plugin OnlineSubsystemGooglePlay
LogPluginManager: Mounting plugin OnlineSubsystemIOS
LogPluginManager: Mounting plugin OnlineSubsystem
LogPluginManager: Mounting plugin OnlineSubsystemNull
LogPluginManager: Mounting plugin OnlineSubsystemUtils
LogPluginManager: Mounting plugin LauncherChunkInstaller
LogPluginManager: Mounting plugin AndroidDeviceProfileSelector
LogPluginManager: Mounting plugin AndroidMoviePlayer
LogPluginManager: Mounting plugin AndroidPermission
LogPluginManager: Mounting plugin AppleImageUtils
LogPluginManager: Mounting plugin AppleMoviePlayer
LogPluginManager: Mounting plugin ArchVisCharacter
LogPluginManager: Mounting plugin AssetTags
LogPluginManager: Mounting plugin AudioCapture
LogPluginManager: Mounting plugin CableComponent
LogPluginManager: Mounting plugin CustomMeshComponent
LogPluginManager: Mounting plugin EditableMesh
LogPluginManager: Mounting plugin ExampleDeviceProfileSelector
LogPluginManager: Mounting plugin GoogleCloudMessaging
LogPluginManager: Mounting plugin GooglePAD
LogPluginManager: Mounting plugin IOSDeviceProfileSelector
LogPluginManager: Mounting plugin LinuxDeviceProfileSelector
LogPluginManager: Mounting plugin LocationServicesBPLibrary
LogPluginManager: Mounting plugin MobilePatchingUtils
LogPluginManager: Mounting plugin OculusVR
LogPluginManager: Mounting plugin PhysXVehicles
LogPluginManager: Mounting plugin PostSplashScreen
LogPluginManager: Mounting plugin ProceduralMeshComponent
LogPluginManager: Mounting plugin RuntimePhysXCooking
LogPluginManager: Mounting plugin SignificanceManager
LogPluginManager: Mounting plugin SoundFields
LogPluginManager: Mounting plugin SteamVR
LogPluginManager: Mounting plugin Synthesis
LogPluginManager: Mounting plugin WebMMoviePlayer
LogPluginManager: Mounting plugin WindowsMoviePlayer
LogPluginManager: Mounting plugin ScreenshotTools
LogInit: Using libcurl 7.55.1-DEV
LogInit:  - built for x86_64-pc-win32
LogInit:  - supports SSL with OpenSSL/1.1.1
LogInit:  - supports HTTP deflate (compression) using libz 1.2.8
LogInit:  - other features:
LogInit:      CURL_VERSION_SSL
LogInit:      CURL_VERSION_LIBZ
LogInit:      CURL_VERSION_IPV6
LogInit:      CURL_VERSION_ASYNCHDNS
LogInit:      CURL_VERSION_LARGEFILE
LogInit:      CURL_VERSION_IDN
LogInit:  CurlRequestOptions (configurable via config and command line):
LogInit:  - bVerifyPeer = true  - Libcurl will verify peer certificate
LogInit:  - bUseHttpProxy = false  - Libcurl will NOT use HTTP proxy
LogInit:  - bDontReuseConnections = false  - Libcurl will reuse connections
LogInit:  - MaxHostConnections = 16  - Libcurl will limit the number of connections to a host
LogInit:  - LocalHostAddr = Default
LogInit:  - BufferSize = 65536
LogOnline: OSS: Creating online subsystem instance for: NULL
LogInit: WinSock: version 1.1 (2.2), MaxSocks=32767, MaxUdp=65467
LogOnline: OSS: TryLoadSubsystemAndSetDefault: Loaded subsystem for module [NULL]
LogInit: Build: ++UE4+Release-4.25-CL-13942748
LogInit: Engine Version: 4.25.3-13942748+++UE4+Release-4.25
LogInit: Compatible Engine Version: 4.25.0-13144385+++UE4+Release-4.25
LogInit: Net CL: 13144385
LogInit: OS: Windows 10 (Release 2004) (), CPU: Intel(R) Core(TM) i7-7700HQ CPU @ 2.80GHz, GPU: Intel(R) HD Graphics 630
LogInit: Compiled (64-bit): Jul 25 2020 02:07:48
LogInit: Compiled with Visual C++: 19.24.28315.00
LogInit: Build Configuration: Development
LogInit: Branch Name: ++UE4+Release-4.25
LogInit: Command Line:  -EpicPortal -epicusername=RestInPieces_OA -epicuserid=674008105e2c46018e799e951aa7eaa7 -epiclocale=en
LogInit: Base Directory: E:/UE_4.21/UE_4.25/Engine/Binaries/Win64/
LogInit: Allocator: TBB
LogInit: Installed Engine Build: 1
LogDevObjectVersion: Number of dev versions registered: 26
LogDevObjectVersion:   Dev-Blueprints (B0D832E4-1F89-4F0D-ACCF-7EB736FD4AA2): 10
LogDevObjectVersion:   Dev-Build (E1C64328-A22C-4D53-A36C-8E866417BD8C): 0
LogDevObjectVersion:   Dev-Core (375EC13C-06E4-48FB-B500-84F0262A717E): 4
LogDevObjectVersion:   Dev-Editor (E4B068ED-F494-42E9-A231-DA0B2E46BB41): 38
LogDevObjectVersion:   Dev-Framework (CFFC743F-43B0-4480-9391-14DF171D2073): 37
LogDevObjectVersion:   Dev-Mobile (B02B49B5-BB20-44E9-A304-32B752E40360): 2
LogDevObjectVersion:   Dev-Networking (A4E4105C-59A1-49B5-A7C5-40C4547EDFEE): 0
LogDevObjectVersion:   Dev-Online (39C831C9-5AE6-47DC-9A44-9C173E1C8E7C): 0
LogDevObjectVersion:   Dev-Physics (78F01B33-EBEA-4F98-B9B4-84EACCB95AA2): 4
LogDevObjectVersion:   Dev-Platform (6631380F-2D4D-43E0-8009-CF276956A95A): 0
LogDevObjectVersion:   Dev-Rendering (12F88B9F-8875-4AFC-A67C-D90C383ABD29): 43
LogDevObjectVersion:   Dev-Sequencer (7B5AE74C-D270-4C10-A958-57980B212A5A): 12
LogDevObjectVersion:   Dev-VR (D7296918-1DD6-4BDD-9DE2-64A83CC13884): 3
LogDevObjectVersion:   Dev-LoadTimes (C2A15278-BFE7-4AFE-6C17-90FF531DF755): 1
LogDevObjectVersion:   Private-Geometry (6EACA3D4-40EC-4CC1-B786-8BED09428FC5): 3
LogDevObjectVersion:   Dev-AnimPhys (29E575DD-E0A3-4627-9D10-D276232CDCEA): 17
LogDevObjectVersion:   Dev-Anim (AF43A65D-7FD3-4947-9873-3E8ED9C1BB05): 7
LogDevObjectVersion:   Dev-ReflectionCapture (6B266CEC-1EC7-4B8F-A30B-E4D90942FC07): 1
LogDevObjectVersion:   Dev-Automation (0DF73D61-A23F-47EA-B727-89E90C41499A): 1
LogDevObjectVersion:   FortniteMain (601D1886-AC64-4F84-AA16-D3DE0DEAC7D6): 31
LogDevObjectVersion:   Dev-Enterprise (9DFFBCD6-494F-0158-E221-12823C92A888): 10
LogDevObjectVersion:   Dev-Niagara (F2AED0AC-9AFE-416F-8664-AA7FFA26D6FC): 1
LogDevObjectVersion:   Dev-Destruction (174F1F0B-B4C6-45A5-B13F-2EE8D0FB917D): 10
LogDevObjectVersion:   Dev-Physics-Ext (35F94A83-E258-406C-A318-09F59610247C): 37
LogDevObjectVersion:   Dev-PhysicsMaterial-Chaos (B68FC16E-8B1B-42E2-B453-215C058844FE): 1
LogDevObjectVersion:   Dev-CineCamera (B2E18506-4273-CFC2-A54E-F4BB758BBA07): 1
LogInit: Presizing for max 25165824 objects, including 0 objects not considered by GC, pre-allocating 0 bytes for permanent pool.
LogConfig: Applying CVar settings from Section [/Script/Engine.StreamingSettings] File [F:/Upskill/Project/ProceduralGeneration/Saved/Config/Windows/Engine.ini]
LogConfig: Setting CVar [[s.MinBulkDataSizeForAsyncLoading:131072]]
LogConfig: Setting CVar [[s.AsyncLoadingThreadEnabled:0]]
LogConfig: Setting CVar [[s.EventDrivenLoaderEnabled:1]]
LogConfig: Setting CVar [[s.WarnIfTimeLimitExceeded:0]]
LogConfig: Setting CVar [[s.TimeLimitExceededMultiplier:1.5]]
LogConfig: Setting CVar [[s.TimeLimitExceededMinTime:0.005]]
LogConfig: Setting CVar [[s.UseBackgroundLevelStreaming:1]]
LogConfig: Setting CVar [[s.PriorityAsyncLoadingExtraTime:15.0]]
LogConfig: Setting CVar [[s.LevelStreamingActorsUpdateTimeLimit:5.0]]
LogConfig: Setting CVar [[s.PriorityLevelStreamingActorsUpdateExtraTime:5.0]]
LogConfig: Setting CVar [[s.LevelStreamingComponentsRegistrationGranularity:10]]
LogConfig: Setting CVar [[s.UnregisterComponentsTimeLimit:1.0]]
LogConfig: Setting CVar [[s.LevelStreamingComponentsUnregistrationGranularity:5]]
LogConfig: Setting CVar [[s.FlushStreamingOnExit:1]]
LogInit: Object subsystem initialized
LogConfig: Setting CVar [[con.DebugEarlyDefault:1]]
LogConfig: Setting CVar [[r.setres:1280x720]]
[2020.11.23-15.01.56:726][  0]LogConfig: Setting CVar [[r.VSync:0]]
[2020.11.23-15.01.56:726][  0]LogConfig: Setting CVar [[r.RHICmdBypass:0]]
[2020.11.23-15.01.56:726][  0]LogConfig: Applying CVar settings from Section [/Script/Engine.RendererSettings] File [F:/Upskill/Project/ProceduralGeneration/Saved/Config/Windows/Engine.ini]
[2020.11.23-15.01.56:726][  0]LogConfig: Setting CVar [[r.GPUCrashDebugging:0]]
[2020.11.23-15.01.56:726][  0]LogConfig: Applying CVar settings from Section [/Script/Engine.RendererOverrideSettings] File [F:/Upskill/Project/ProceduralGeneration/Saved/Config/Windows/Engine.ini]
[2020.11.23-15.01.56:726][  0]LogConfig: Applying CVar settings from Section [/Script/Engine.StreamingSettings] File [F:/Upskill/Project/ProceduralGeneration/Saved/Config/Windows/Engine.ini]
[2020.11.23-15.01.56:726][  0]LogConfig: Setting CVar [[s.MinBulkDataSizeForAsyncLoading:131072]]
[2020.11.23-15.01.56:726][  0]LogConfig: Setting CVar [[s.AsyncLoadingThreadEnabled:0]]
[2020.11.23-15.01.56:726][  0]LogConfig: Setting CVar [[s.EventDrivenLoaderEnabled:1]]
[2020.11.23-15.01.56:726][  0]LogConfig: Setting CVar [[s.WarnIfTimeLimitExceeded:0]]
[2020.11.23-15.01.56:726][  0]LogConfig: Setting CVar [[s.TimeLimitExceededMultiplier:1.5]]
[2020.11.23-15.01.56:726][  0]LogConfig: Setting CVar [[s.TimeLimitExceededMinTime:0.005]]
[2020.11.23-15.01.56:727][  0]LogConfig: Setting CVar [[s.UseBackgroundLevelStreaming:1]]
[2020.11.23-15.01.56:727][  0]LogConfig: Setting CVar [[s.PriorityAsyncLoadingExtraTime:15.0]]
[2020.11.23-15.01.56:727][  0]LogConfig: Setting CVar [[s.LevelStreamingActorsUpdateTimeLimit:5.0]]
[2020.11.23-15.01.56:727][  0]LogConfig: Setting CVar [[s.PriorityLevelStreamingActorsUpdateExtraTime:5.0]]
[2020.11.23-15.01.56:727][  0]LogConfig: Setting CVar [[s.LevelStreamingComponentsRegistrationGranularity:10]]
[2020.11.23-15.01.56:727][  0]LogConfig: Setting CVar [[s.UnregisterComponentsTimeLimit:1.0]]
[2020.11.23-15.01.56:727][  0]LogConfig: Setting CVar [[s.LevelStreamingComponentsUnregistrationGranularity:5]]
[2020.11.23-15.01.56:727][  0]LogConfig: Setting CVar [[s.FlushStreamingOnExit:1]]
[2020.11.23-15.01.56:727][  0]LogConfig: Applying CVar settings from Section [/Script/Engine.GarbageCollectionSettings] File [F:/Upskill/Project/ProceduralGeneration/Saved/Config/Windows/Engine.ini]
[2020.11.23-15.01.56:727][  0]LogConfig: Setting CVar [[gc.MaxObjectsNotConsideredByGC:1]]
[2020.11.23-15.01.56:727][  0]LogConfig: Setting CVar [[gc.SizeOfPermanentObjectPool:0]]
[2020.11.23-15.01.56:727][  0]LogConfig: Setting CVar [[gc.FlushStreamingOnGC:0]]
[2020.11.23-15.01.56:727][  0]LogConfig: Setting CVar [[gc.NumRetriesBeforeForcingGC:10]]
[2020.11.23-15.01.56:727][  0]LogConfig: Setting CVar [[gc.AllowParallelGC:1]]
[2020.11.23-15.01.56:727][  0]LogConfig: Setting CVar [[gc.TimeBetweenPurgingPendingKillObjects:61.1]]
[2020.11.23-15.01.56:727][  0]LogConfig: Setting CVar [[gc.MaxObjectsInEditor:25165824]]
[2020.11.23-15.01.56:727][  0]LogConfig: Setting CVar [[gc.IncrementalBeginDestroyEnabled:1]]
[2020.11.23-15.01.56:727][  0]LogConfig: Setting CVar [[gc.CreateGCClusters:1]]
[2020.11.23-15.01.56:727][  0]LogConfig: Setting CVar [[gc.MinGCClusterSize:5]]
[2020.11.23-15.01.56:727][  0]LogConfig: Setting CVar [[gc.ActorClusteringEnabled:0]]
[2020.11.23-15.01.56:727][  0]LogConfig: Setting CVar [[gc.BlueprintClusteringEnabled:0]]
[2020.11.23-15.01.56:727][  0]LogConfig: Setting CVar [[gc.UseDisregardForGCOnDedicatedServers:0]]
[2020.11.23-15.01.56:727][  0]LogConfig: Applying CVar settings from Section [/Script/Engine.NetworkSettings] File [F:/Upskill/Project/ProceduralGeneration/Saved/Config/Windows/Engine.ini]
[2020.11.23-15.01.56:727][  0]LogConfig: Applying CVar settings from Section [/Script/UnrealEd.CookerSettings] File [F:/Upskill/Project/ProceduralGeneration/Saved/Config/Windows/Engine.ini]
[2020.11.23-15.01.56:731][  0]LogConfig: Applying CVar settings from Section [ViewDistanceQuality@3] File [F:/Upskill/Project/ProceduralGeneration/Saved/Config/Windows/Scalability.ini]
[2020.11.23-15.01.56:731][  0]LogConfig: Setting CVar [[r.SkeletalMeshLODBias:0]]
[2020.11.23-15.01.56:731][  0]LogConfig: Setting CVar [[r.ViewDistanceScale:1.0]]
[2020.11.23-15.01.56:731][  0]LogConfig: Applying CVar settings from Section [AntiAliasingQuality@3] File [F:/Upskill/Project/ProceduralGeneration/Saved/Config/Windows/Scalability.ini]
[2020.11.23-15.01.56:731][  0]LogConfig: Setting CVar [[r.PostProcessAAQuality:4]]
[2020.11.23-15.01.56:731][  0]LogConfig: Applying CVar settings from Section [ShadowQuality@3] File [F:/Upskill/Project/ProceduralGeneration/Saved/Config/Windows/Scalability.ini]
[2020.11.23-15.01.56:731][  0]LogConfig: Setting CVar [[r.LightFunctionQuality:1]]
[2020.11.23-15.01.56:731][  0]LogConfig: Setting CVar [[r.ShadowQuality:5]]
[2020.11.23-15.01.56:731][  0]LogConfig: Setting CVar [[r.Shadow.CSM.MaxCascades:10]]
[2020.11.23-15.01.56:731][  0]LogConfig: Setting CVar [[r.Shadow.MaxResolution:2048]]
[2020.11.23-15.01.56:731][  0]LogConfig: Setting CVar [[r.Shadow.MaxCSMResolution:2048]]
[2020.11.23-15.01.56:731][  0]LogConfig: Setting CVar [[r.Shadow.RadiusThreshold:0.01]]
[2020.11.23-15.01.56:731][  0]LogConfig: Setting CVar [[r.Shadow.DistanceScale:1.0]]
[2020.11.23-15.01.56:731][  0]LogConfig: Setting CVar [[r.Shadow.CSM.TransitionScale:1.0]]
[2020.11.23-15.01.56:731][  0]LogConfig: Setting CVar [[r.Shadow.PreShadowResolutionFactor:1.0]]
[2020.11.23-15.01.56:731][  0]LogConfig: Setting CVar [[r.DistanceFieldShadowing:1]]
[2020.11.23-15.01.56:731][  0]LogConfig: Setting CVar [[r.DistanceFieldAO:1]]
[2020.11.23-15.01.56:731][  0]LogConfig: Setting CVar [[r.AOQuality:2]]
[2020.11.23-15.01.56:731][  0]LogConfig: Setting CVar [[r.VolumetricFog:1]]
[2020.11.23-15.01.56:731][  0]LogConfig: Setting CVar [[r.VolumetricFog.GridPixelSize:8]]
[2020.11.23-15.01.56:731][  0]LogConfig: Setting CVar [[r.VolumetricFog.GridSizeZ:128]]
[2020.11.23-15.01.56:731][  0]LogConfig: Setting CVar [[r.VolumetricFog.HistoryMissSupersampleCount:4]]
[2020.11.23-15.01.56:731][  0]LogConfig: Setting CVar [[r.LightMaxDrawDistanceScale:1]]
[2020.11.23-15.01.56:731][  0]LogConfig: Setting CVar [[r.CapsuleShadows:1]]
[2020.11.23-15.01.56:731][  0]LogConfig: Applying CVar settings from Section [PostProcessQuality@3] File [F:/Upskill/Project/ProceduralGeneration/Saved/Config/Windows/Scalability.ini]
[2020.11.23-15.01.56:731][  0]LogConfig: Setting CVar [[r.MotionBlurQuality:4]]
[2020.11.23-15.01.56:731][  0]LogConfig: Setting CVar [[r.AmbientOcclusionMipLevelFactor:0.4]]
[2020.11.23-15.01.56:731][  0]LogConfig: Setting CVar [[r.AmbientOcclusionMaxQuality:100]]
[2020.11.23-15.01.56:731][  0]LogConfig: Setting CVar [[r.AmbientOcclusionLevels:-1]]
[2020.11.23-15.01.56:731][  0]LogConfig: Setting CVar [[r.AmbientOcclusionRadiusScale:1.0]]
[2020.11.23-15.01.56:731][  0]LogConfig: Setting CVar [[r.DepthOfFieldQuality:2]]
[2020.11.23-15.01.56:731][  0]LogConfig: Setting CVar [[r.RenderTargetPoolMin:400]]
[2020.11.23-15.01.56:731][  0]LogConfig: Setting CVar [[r.LensFlareQuality:2]]
[2020.11.23-15.01.56:731][  0]LogConfig: Setting CVar [[r.SceneColorFringeQuality:1]]
[2020.11.23-15.01.56:731][  0]LogConfig: Setting CVar [[r.EyeAdaptationQuality:2]]
[2020.11.23-15.01.56:731][  0]LogConfig: Setting CVar [[r.BloomQuality:5]]
[2020.11.23-15.01.56:731][  0]LogConfig: Setting CVar [[r.FastBlurThreshold:100]]
[2020.11.23-15.01.56:732][  0]LogConfig: Setting CVar [[r.Upscale.Quality:3]]
[2020.11.23-15.01.56:732][  0]LogConfig: Setting CVar [[r.Tonemapper.GrainQuantization:1]]
[2020.11.23-15.01.56:732][  0]LogConfig: Setting CVar [[r.LightShaftQuality:1]]
[2020.11.23-15.01.56:732][  0]LogConfig: Setting CVar [[r.Filter.SizeScale:1]]
[2020.11.23-15.01.56:732][  0]LogConfig: Setting CVar [[r.Tonemapper.Quality:5]]
[2020.11.23-15.01.56:732][  0]LogConfig: Setting CVar [[r.DOF.Gather.AccumulatorQuality:1        ; higher gathering accumulator quality]]
[2020.11.23-15.01.56:732][  0]LogConfig: Setting CVar [[r.DOF.Gather.PostfilterMethod:1          ; Median3x3 postfilering method]]
[2020.11.23-15.01.56:732][  0]LogConfig: Setting CVar [[r.DOF.Gather.EnableBokehSettings:0       ; no bokeh simulation when gathering]]
[2020.11.23-15.01.56:732][  0]LogConfig: Setting CVar [[r.DOF.Gather.RingCount:4                 ; medium number of samples when gathering]]
[2020.11.23-15.01.56:732][  0]LogConfig: Setting CVar [[r.DOF.Scatter.ForegroundCompositing:1    ; additive foreground scattering]]
[2020.11.23-15.01.56:732][  0]LogConfig: Setting CVar [[r.DOF.Scatter.BackgroundCompositing:2    ; additive background scattering]]
[2020.11.23-15.01.56:732][  0]LogConfig: Setting CVar [[r.DOF.Scatter.EnableBokehSettings:1      ; bokeh simulation when scattering]]
[2020.11.23-15.01.56:732][  0]LogConfig: Setting CVar [[r.DOF.Scatter.MaxSpriteRatio:0.1         ; only a maximum of 10% of scattered bokeh]]
[2020.11.23-15.01.56:732][  0]LogConfig: Setting CVar [[r.DOF.Recombine.Quality:1                ; cheap slight out of focus]]
[2020.11.23-15.01.56:732][  0]LogConfig: Setting CVar [[r.DOF.Recombine.EnableBokehSettings:0    ; no bokeh simulation on slight out of focus]]
[2020.11.23-15.01.56:732][  0]LogConfig: Setting CVar [[r.DOF.TemporalAAQuality:1                ; more stable temporal accumulation]]
[2020.11.23-15.01.56:732][  0]LogConfig: Setting CVar [[r.DOF.Kernel.MaxForegroundRadius:0.025]]
[2020.11.23-15.01.56:732][  0]LogConfig: Setting CVar [[r.DOF.Kernel.MaxBackgroundRadius:0.025]]
[2020.11.23-15.01.56:732][  0]LogConfig: Applying CVar settings from Section [TextureQuality@3] File [F:/Upskill/Project/ProceduralGeneration/Saved/Config/Windows/Scalability.ini]
[2020.11.23-15.01.56:732][  0]LogConfig: Setting CVar [[r.Streaming.MipBias:0]]
[2020.11.23-15.01.56:732][  0]LogConfig: Setting CVar [[r.Streaming.AmortizeCPUToGPUCopy:0]]
[2020.11.23-15.01.56:732][  0]LogConfig: Setting CVar [[r.Streaming.MaxNumTexturesToStreamPerFrame:0]]
[2020.11.23-15.01.56:732][  0]LogConfig: Setting CVar [[r.Streaming.Boost:1]]
[2020.11.23-15.01.56:732][  0]LogConfig: Setting CVar [[r.MaxAnisotropy:8]]
[2020.11.23-15.01.56:732][  0]LogConfig: Setting CVar [[r.VT.MaxAnisotropy:8]]
[2020.11.23-15.01.56:732][  0]LogConfig: Setting CVar [[r.Streaming.LimitPoolSizeToVRAM:0]]
[2020.11.23-15.01.56:732][  0]LogConfig: Setting CVar [[r.Streaming.PoolSize:1000]]
[2020.11.23-15.01.56:732][  0]LogConfig: Setting CVar [[r.Streaming.MaxEffectiveScreenSize:0]]
[2020.11.23-15.01.56:732][  0]LogConfig: Applying CVar settings from Section [EffectsQuality@3] File [F:/Upskill/Project/ProceduralGeneration/Saved/Config/Windows/Scalability.ini]
[2020.11.23-15.01.56:732][  0]LogConfig: Setting CVar [[r.TranslucencyLightingVolumeDim:64]]
[2020.11.23-15.01.56:732][  0]LogConfig: Setting CVar [[r.RefractionQuality:2]]
[2020.11.23-15.01.56:732][  0]LogConfig: Setting CVar [[r.SSR.Quality:3]]
[2020.11.23-15.01.56:732][  0]LogConfig: Setting CVar [[r.SSR.HalfResSceneColor:0]]
[2020.11.23-15.01.56:732][  0]LogConfig: Setting CVar [[r.SceneColorFormat:4]]
[2020.11.23-15.01.56:732][  0]LogConfig: Setting CVar [[r.DetailMode:2]]
[2020.11.23-15.01.56:732][  0]LogConfig: Setting CVar [[r.TranslucencyVolumeBlur:1]]
[2020.11.23-15.01.56:732][  0]LogConfig: Setting CVar [[r.MaterialQualityLevel:1 ; High quality]]
[2020.11.23-15.01.56:732][  0]LogConfig: Setting CVar [[r.SSS.Scale:1]]
[2020.11.23-15.01.56:732][  0]LogConfig: Setting CVar [[r.SSS.SampleSet:2]]
[2020.11.23-15.01.56:732][  0]LogConfig: Setting CVar [[r.SSS.Quality:1]]
[2020.11.23-15.01.56:732][  0]LogConfig: Setting CVar [[r.SSS.HalfRes:0]]
[2020.11.23-15.01.56:732][  0]LogConfig: Setting CVar [[r.SSGI.Quality:3]]
[2020.11.23-15.01.56:732][  0]LogConfig: Setting CVar [[r.EmitterSpawnRateScale:1.0]]
[2020.11.23-15.01.56:732][  0]LogConfig: Setting CVar [[r.ParticleLightQuality:2]]
[2020.11.23-15.01.56:732][  0]LogConfig: Setting CVar [[r.SkyAtmosphere.AerialPerspectiveLUT.FastApplyOnOpaque:1 ; Always have FastSkyLUT 1 in this case to avoid wrong sky]]
[2020.11.23-15.01.56:732][  0]LogConfig: Setting CVar [[r.SkyAtmosphere.AerialPerspectiveLUT.SampleCountPerSlice:1]]
[2020.11.23-15.01.56:732][  0]LogConfig: Setting CVar [[r.SkyAtmosphere.AerialPerspectiveLUT.DepthResolution:16.0]]
[2020.11.23-15.01.56:732][  0]LogConfig: Setting CVar [[r.SkyAtmosphere.FastSkyLUT:1]]
[2020.11.23-15.01.56:732][  0]LogConfig: Setting CVar [[r.SkyAtmosphere.FastSkyLUT.SampleCountMin:4.0]]
[2020.11.23-15.01.56:732][  0]LogConfig: Setting CVar [[r.SkyAtmosphere.FastSkyLUT.SampleCountMax:32.0]]
[2020.11.23-15.01.56:732][  0]LogConfig: Setting CVar [[r.SkyAtmosphere.SampleCountMin:4.0]]
[2020.11.23-15.01.56:732][  0]LogConfig: Setting CVar [[r.SkyAtmosphere.SampleCountMax:32.0]]
[2020.11.23-15.01.56:732][  0]LogConfig: Setting CVar [[r.SkyAtmosphere.TransmittanceLUT.UseSmallFormat:0]]
[2020.11.23-15.01.56:732][  0]LogConfig: Setting CVar [[r.SkyAtmosphere.TransmittanceLUT.SampleCount:10.0]]
[2020.11.23-15.01.56:732][  0]LogConfig: Setting CVar [[r.SkyAtmosphere.MultiScatteringLUT.SampleCount:15.0]]
[2020.11.23-15.01.56:732][  0]LogConfig: Applying CVar settings from Section [FoliageQuality@3] File [F:/Upskill/Project/ProceduralGeneration/Saved/Config/Windows/Scalability.ini]
[2020.11.23-15.01.56:732][  0]LogConfig: Setting CVar [[foliage.DensityScale:1.0]]
[2020.11.23-15.01.56:732][  0]LogConfig: Setting CVar [[grass.DensityScale:1.0]]
[2020.11.23-15.01.56:732][  0]LogConfig: Applying CVar settings from Section [ShadingQuality@3] File [F:/Upskill/Project/ProceduralGeneration/Saved/Config/Windows/Scalability.ini]
[2020.11.23-15.01.56:732][  0]LogConfig: Setting CVar [[r.HairStrands.SkyLighting.SampleCount:16]]
[2020.11.23-15.01.56:732][  0]LogConfig: Setting CVar [[r.HairStrands.SkyLighting.JitterIntegration:0]]
[2020.11.23-15.01.56:732][  0]LogConfig: Setting CVar [[r.HairStrands.SkyAO.SampleCount:16]]
[2020.11.23-15.01.56:732][  0]LogConfig: Setting CVar [[r.HairStrands.DeepShadow.SuperSampling:0]]
[2020.11.23-15.01.56:732][  0]LogConfig: Setting CVar [[r.HairStrands.VisibilityPPLL:0]]
[2020.11.23-15.01.56:732][  0]LogConfig: Setting CVar [[r.HairStrands.RasterizationScale:0.5]]
[2020.11.23-15.01.56:732][  0]LogConfig: Setting CVar [[r.HairStrands.VelocityRasterizationScale:1]]
[2020.11.23-15.01.56:732][  0]LogInit: Selected Device Profile: [Windows]
[2020.11.23-15.01.56:732][  0]LogInit: Applying CVar settings loaded from the selected device profile: [Windows]
[2020.11.23-15.01.56:733][  0]LogHAL: Display: Platform has ~ 16 GB [17057812480 / 17179869184 / 16], which maps to Larger [LargestMinGB=32, LargerMinGB=12, DefaultMinGB=8, SmallerMinGB=6, SmallestMinGB=0)
[2020.11.23-15.01.56:733][  0]LogInit: Going up to parent DeviceProfile []
[2020.11.23-15.01.56:733][  0]LogConfig: Applying CVar settings from Section [ViewDistanceQuality@3] File [F:/Upskill/Project/ProceduralGeneration/Saved/Config/Windows/Scalability.ini]
[2020.11.23-15.01.56:733][  0]LogConfig: Setting CVar [[r.SkeletalMeshLODBias:0]]
[2020.11.23-15.01.56:733][  0]LogConfig: Setting CVar [[r.ViewDistanceScale:1.0]]
[2020.11.23-15.01.56:733][  0]LogConfig: Applying CVar settings from Section [AntiAliasingQuality@3] File [F:/Upskill/Project/ProceduralGeneration/Saved/Config/Windows/Scalability.ini]
[2020.11.23-15.01.56:733][  0]LogConfig: Setting CVar [[r.PostProcessAAQuality:4]]
[2020.11.23-15.01.56:733][  0]LogConfig: Applying CVar settings from Section [ShadowQuality@3] File [F:/Upskill/Project/ProceduralGeneration/Saved/Config/Windows/Scalability.ini]
[2020.11.23-15.01.56:733][  0]LogConfig: Setting CVar [[r.LightFunctionQuality:1]]
[2020.11.23-15.01.56:733][  0]LogConfig: Setting CVar [[r.ShadowQuality:5]]
[2020.11.23-15.01.56:733][  0]LogConfig: Setting CVar [[r.Shadow.CSM.MaxCascades:10]]
[2020.11.23-15.01.56:733][  0]LogConfig: Setting CVar [[r.Shadow.MaxResolution:2048]]
[2020.11.23-15.01.56:733][  0]LogConfig: Setting CVar [[r.Shadow.MaxCSMResolution:2048]]
[2020.11.23-15.01.56:733][  0]LogConfig: Setting CVar [[r.Shadow.RadiusThreshold:0.01]]
[2020.11.23-15.01.56:733][  0]LogConfig: Setting CVar [[r.Shadow.DistanceScale:1.0]]
[2020.11.23-15.01.56:733][  0]LogConfig: Setting CVar [[r.Shadow.CSM.TransitionScale:1.0]]
[2020.11.23-15.01.56:733][  0]LogConfig: Setting CVar [[r.Shadow.PreShadowResolutionFactor:1.0]]
[2020.11.23-15.01.56:733][  0]LogConfig: Setting CVar [[r.DistanceFieldShadowing:1]]
[2020.11.23-15.01.56:733][  0]LogConfig: Setting CVar [[r.DistanceFieldAO:1]]
[2020.11.23-15.01.56:733][  0]LogConfig: Setting CVar [[r.AOQuality:2]]
[2020.11.23-15.01.56:733][  0]LogConfig: Setting CVar [[r.VolumetricFog:1]]
[2020.11.23-15.01.56:733][  0]LogConfig: Setting CVar [[r.VolumetricFog.GridPixelSize:8]]
[2020.11.23-15.01.56:733][  0]LogConfig: Setting CVar [[r.VolumetricFog.GridSizeZ:128]]
[2020.11.23-15.01.56:733][  0]LogConfig: Setting CVar [[r.VolumetricFog.HistoryMissSupersampleCount:4]]
[2020.11.23-15.01.56:733][  0]LogConfig: Setting CVar [[r.LightMaxDrawDistanceScale:1]]
[2020.11.23-15.01.56:733][  0]LogConfig: Setting CVar [[r.CapsuleShadows:1]]
[2020.11.23-15.01.56:733][  0]LogConfig: Applying CVar settings from Section [PostProcessQuality@3] File [F:/Upskill/Project/ProceduralGeneration/Saved/Config/Windows/Scalability.ini]
[2020.11.23-15.01.56:733][  0]LogConfig: Setting CVar [[r.MotionBlurQuality:4]]
[2020.11.23-15.01.56:733][  0]LogConfig: Setting CVar [[r.AmbientOcclusionMipLevelFactor:0.4]]
[2020.11.23-15.01.56:733][  0]LogConfig: Setting CVar [[r.AmbientOcclusionMaxQuality:100]]
[2020.11.23-15.01.56:733][  0]LogConfig: Setting CVar [[r.AmbientOcclusionLevels:-1]]
[2020.11.23-15.01.56:733][  0]LogConfig: Setting CVar [[r.AmbientOcclusionRadiusScale:1.0]]
[2020.11.23-15.01.56:733][  0]LogConfig: Setting CVar [[r.DepthOfFieldQuality:2]]
[2020.11.23-15.01.56:733][  0]LogConfig: Setting CVar [[r.RenderTargetPoolMin:400]]
[2020.11.23-15.01.56:733][  0]LogConfig: Setting CVar [[r.LensFlareQuality:2]]
[2020.11.23-15.01.56:733][  0]LogConfig: Setting CVar [[r.SceneColorFringeQuality:1]]
[2020.11.23-15.01.56:733][  0]LogConfig: Setting CVar [[r.EyeAdaptationQuality:2]]
[2020.11.23-15.01.56:733][  0]LogConfig: Setting CVar [[r.BloomQuality:5]]
[2020.11.23-15.01.56:733][  0]LogConfig: Setting CVar [[r.FastBlurThreshold:100]]
[2020.11.23-15.01.56:733][  0]LogConfig: Setting CVar [[r.Upscale.Quality:3]]
[2020.11.23-15.01.56:733][  0]LogConfig: Setting CVar [[r.Tonemapper.GrainQuantization:1]]
[2020.11.23-15.01.56:733][  0]LogConfig: Setting CVar [[r.LightShaftQuality:1]]
[2020.11.23-15.01.56:733][  0]LogConfig: Setting CVar [[r.Filter.SizeScale:1]]
[2020.11.23-15.01.56:733][  0]LogConfig: Setting CVar [[r.Tonemapper.Quality:5]]
[2020.11.23-15.01.56:733][  0]LogConfig: Setting CVar [[r.DOF.Gather.AccumulatorQuality:1        ; higher gathering accumulator quality]]
[2020.11.23-15.01.56:733][  0]LogConfig: Setting CVar [[r.DOF.Gather.PostfilterMethod:1          ; Median3x3 postfilering method]]
[2020.11.23-15.01.56:733][  0]LogConfig: Setting CVar [[r.DOF.Gather.EnableBokehSettings:0       ; no bokeh simulation when gathering]]
[2020.11.23-15.01.56:733][  0]LogConfig: Setting CVar [[r.DOF.Gather.RingCount:4                 ; medium number of samples when gathering]]
[2020.11.23-15.01.56:733][  0]LogConfig: Setting CVar [[r.DOF.Scatter.ForegroundCompositing:1    ; additive foreground scattering]]
[2020.11.23-15.01.56:733][  0]LogConfig: Setting CVar [[r.DOF.Scatter.BackgroundCompositing:2    ; additive background scattering]]
[2020.11.23-15.01.56:733][  0]LogConfig: Setting CVar [[r.DOF.Scatter.EnableBokehSettings:1      ; bokeh simulation when scattering]]
[2020.11.23-15.01.56:733][  0]LogConfig: Setting CVar [[r.DOF.Scatter.MaxSpriteRatio:0.1         ; only a maximum of 10% of scattered bokeh]]
[2020.11.23-15.01.56:733][  0]LogConfig: Setting CVar [[r.DOF.Recombine.Quality:1                ; cheap slight out of focus]]
[2020.11.23-15.01.56:733][  0]LogConfig: Setting CVar [[r.DOF.Recombine.EnableBokehSettings:0    ; no bokeh simulation on slight out of focus]]
[2020.11.23-15.01.56:733][  0]LogConfig: Setting CVar [[r.DOF.TemporalAAQuality:1                ; more stable temporal accumulation]]
[2020.11.23-15.01.56:733][  0]LogConfig: Setting CVar [[r.DOF.Kernel.MaxForegroundRadius:0.025]]
[2020.11.23-15.01.56:733][  0]LogConfig: Setting CVar [[r.DOF.Kernel.MaxBackgroundRadius:0.025]]
[2020.11.23-15.01.56:733][  0]LogConfig: Applying CVar settings from Section [TextureQuality@3] File [F:/Upskill/Project/ProceduralGeneration/Saved/Config/Windows/Scalability.ini]
[2020.11.23-15.01.56:733][  0]LogConfig: Setting CVar [[r.Streaming.MipBias:0]]
[2020.11.23-15.01.56:733][  0]LogConfig: Setting CVar [[r.Streaming.AmortizeCPUToGPUCopy:0]]
[2020.11.23-15.01.56:733][  0]LogConfig: Setting CVar [[r.Streaming.MaxNumTexturesToStreamPerFrame:0]]
[2020.11.23-15.01.56:733][  0]LogConfig: Setting CVar [[r.Streaming.Boost:1]]
[2020.11.23-15.01.56:733][  0]LogConfig: Setting CVar [[r.MaxAnisotropy:8]]
[2020.11.23-15.01.56:733][  0]LogConfig: Setting CVar [[r.VT.MaxAnisotropy:8]]
[2020.11.23-15.01.56:733][  0]LogConfig: Setting CVar [[r.Streaming.LimitPoolSizeToVRAM:0]]
[2020.11.23-15.01.56:733][  0]LogConfig: Setting CVar [[r.Streaming.PoolSize:1000]]
[2020.11.23-15.01.56:733][  0]LogConfig: Setting CVar [[r.Streaming.MaxEffectiveScreenSize:0]]
[2020.11.23-15.01.56:733][  0]LogConfig: Applying CVar settings from Section [EffectsQuality@3] File [F:/Upskill/Project/ProceduralGeneration/Saved/Config/Windows/Scalability.ini]
[2020.11.23-15.01.56:733][  0]LogConfig: Setting CVar [[r.TranslucencyLightingVolumeDim:64]]
[2020.11.23-15.01.56:734][  0]LogConfig: Setting CVar [[r.RefractionQuality:2]]
[2020.11.23-15.01.56:734][  0]LogConfig: Setting CVar [[r.SSR.Quality:3]]
[2020.11.23-15.01.56:734][  0]LogConfig: Setting CVar [[r.SSR.HalfResSceneColor:0]]
[2020.11.23-15.01.56:734][  0]LogConfig: Setting CVar [[r.SceneColorFormat:4]]
[2020.11.23-15.01.56:734][  0]LogConfig: Setting CVar [[r.DetailMode:2]]
[2020.11.23-15.01.56:734][  0]LogConfig: Setting CVar [[r.TranslucencyVolumeBlur:1]]
[2020.11.23-15.01.56:734][  0]LogConfig: Setting CVar [[r.MaterialQualityLevel:1 ; High quality]]
[2020.11.23-15.01.56:734][  0]LogConfig: Setting CVar [[r.SSS.Scale:1]]
[2020.11.23-15.01.56:734][  0]LogConfig: Setting CVar [[r.SSS.SampleSet:2]]
[2020.11.23-15.01.56:734][  0]LogConfig: Setting CVar [[r.SSS.Quality:1]]
[2020.11.23-15.01.56:734][  0]LogConfig: Setting CVar [[r.SSS.HalfRes:0]]
[2020.11.23-15.01.56:734][  0]LogConfig: Setting CVar [[r.SSGI.Quality:3]]
[2020.11.23-15.01.56:734][  0]LogConfig: Setting CVar [[r.EmitterSpawnRateScale:1.0]]
[2020.11.23-15.01.56:734][  0]LogConfig: Setting CVar [[r.ParticleLightQuality:2]]
[2020.11.23-15.01.56:734][  0]LogConfig: Setting CVar [[r.SkyAtmosphere.AerialPerspectiveLUT.FastApplyOnOpaque:1 ; Always have FastSkyLUT 1 in this case to avoid wrong sky]]
[2020.11.23-15.01.56:734][  0]LogConfig: Setting CVar [[r.SkyAtmosphere.AerialPerspectiveLUT.SampleCountPerSlice:1]]
[2020.11.23-15.01.56:734][  0]LogConfig: Setting CVar [[r.SkyAtmosphere.AerialPerspectiveLUT.DepthResolution:16.0]]
[2020.11.23-15.01.56:734][  0]LogConfig: Setting CVar [[r.SkyAtmosphere.FastSkyLUT:1]]
[2020.11.23-15.01.56:734][  0]LogConfig: Setting CVar [[r.SkyAtmosphere.FastSkyLUT.SampleCountMin:4.0]]
[2020.11.23-15.01.56:734][  0]LogConfig: Setting CVar [[r.SkyAtmosphere.FastSkyLUT.SampleCountMax:32.0]]
[2020.11.23-15.01.56:734][  0]LogConfig: Setting CVar [[r.SkyAtmosphere.SampleCountMin:4.0]]
[2020.11.23-15.01.56:734][  0]LogConfig: Setting CVar [[r.SkyAtmosphere.SampleCountMax:32.0]]
[2020.11.23-15.01.56:734][  0]LogConfig: Setting CVar [[r.SkyAtmosphere.TransmittanceLUT.UseSmallFormat:0]]
[2020.11.23-15.01.56:734][  0]LogConfig: Setting CVar [[r.SkyAtmosphere.TransmittanceLUT.SampleCount:10.0]]
[2020.11.23-15.01.56:734][  0]LogConfig: Setting CVar [[r.SkyAtmosphere.MultiScatteringLUT.SampleCount:15.0]]
[2020.11.23-15.01.56:734][  0]LogConfig: Applying CVar settings from Section [FoliageQuality@3] File [F:/Upskill/Project/ProceduralGeneration/Saved/Config/Windows/Scalability.ini]
[2020.11.23-15.01.56:734][  0]LogConfig: Setting CVar [[foliage.DensityScale:1.0]]
[2020.11.23-15.01.56:734][  0]LogConfig: Setting CVar [[grass.DensityScale:1.0]]
[2020.11.23-15.01.56:734][  0]LogConfig: Applying CVar settings from Section [ShadingQuality@3] File [F:/Upskill/Project/ProceduralGeneration/Saved/Config/Windows/Scalability.ini]
[2020.11.23-15.01.56:734][  0]LogConfig: Setting CVar [[r.HairStrands.SkyLighting.SampleCount:16]]
[2020.11.23-15.01.56:734][  0]LogConfig: Setting CVar [[r.HairStrands.SkyLighting.JitterIntegration:0]]
[2020.11.23-15.01.56:734][  0]LogConfig: Setting CVar [[r.HairStrands.SkyAO.SampleCount:16]]
[2020.11.23-15.01.56:734][  0]LogConfig: Setting CVar [[r.HairStrands.DeepShadow.SuperSampling:0]]
[2020.11.23-15.01.56:734][  0]LogConfig: Setting CVar [[r.HairStrands.VisibilityPPLL:0]]
[2020.11.23-15.01.56:734][  0]LogConfig: Setting CVar [[r.HairStrands.RasterizationScale:0.5]]
[2020.11.23-15.01.56:734][  0]LogConfig: Setting CVar [[r.HairStrands.VelocityRasterizationScale:1]]
[2020.11.23-15.01.56:734][  0]LogConfig: Applying CVar settings from Section [Startup] File [../../../Engine/Config/ConsoleVariables.ini]
[2020.11.23-15.01.56:734][  0]LogConfig: Setting CVar [[net.UseAdaptiveNetUpdateFrequency:0]]
[2020.11.23-15.01.56:734][  0]LogConfig: Setting CVar [[p.chaos.AllowCreatePhysxBodies:1]]
[2020.11.23-15.01.56:734][  0]LogConfig: Setting CVar [[fx.SkipVectorVMBackendOptimizations:1]]
[2020.11.23-15.01.56:734][  0]LogConfig: Applying CVar settings from Section [ConsoleVariables] File [F:/Upskill/Project/ProceduralGeneration/Saved/Config/Windows/Engine.ini]
[2020.11.23-15.01.56:734][  0]LogInit: Computer: NIALL
[2020.11.23-15.01.56:734][  0]LogInit: User: niall
[2020.11.23-15.01.56:734][  0]LogInit: CPU Page size=4096, Cores=4
[2020.11.23-15.01.56:734][  0]LogInit: High frequency timer resolution =10.000000 MHz
[2020.11.23-15.01.56:735][  0]LogMemory: Memory total: Physical=15.9GB (16GB approx)
[2020.11.23-15.01.56:735][  0]LogMemory: Platform Memory Stats for Windows
[2020.11.23-15.01.56:735][  0]LogMemory: Process Physical Memory: 115.66 MB used, 115.67 MB peak
[2020.11.23-15.01.56:735][  0]LogMemory: Process Virtual Memory: 96.59 MB used, 96.59 MB peak
[2020.11.23-15.01.56:735][  0]LogMemory: Physical Memory: 12410.37 MB used,  3857.23 MB free, 16267.60 MB total
[2020.11.23-15.01.56:735][  0]LogMemory: Virtual Memory: 5144.89 MB used,  134212584.00 MB free, 134217728.00 MB total
[2020.11.23-15.01.56:748][  0]LogWindows: WindowsPlatformFeatures enabled
[2020.11.23-15.01.56:815][  0]LogInit: Physics initialised using underlying interface: PhysX
[2020.11.23-15.01.56:816][  0]LogInit: Using OS detected language (en-GB).
[2020.11.23-15.01.56:816][  0]LogInit: Using OS detected locale (en-GB).
[2020.11.23-15.01.56:818][  0]LogTextLocalizationManager: No specific localization for 'en-GB' exists, so the 'en' localization will be used.
[2020.11.23-15.01.57:074][  0]LogInit: Setting process to per monitor DPI aware
[2020.11.23-15.01.59:552][  0]LogSlate: New Slate User Created.  User Index 0, Is Virtual User: 0
[2020.11.23-15.01.59:552][  0]LogSlate: Slate User Registered.  User Index 0, Is Virtual User: 0
[2020.11.23-15.01.59:761][  0]LogHMD: Failed to initialize OpenVR with code 102
[2020.11.23-15.01.59:761][  0]LogD3D11RHI: D3D11 min allowed feature level: 11_0
[2020.11.23-15.01.59:761][  0]LogD3D11RHI: D3D11 max allowed feature level: 11_0
[2020.11.23-15.01.59:761][  0]LogD3D11RHI: D3D11 adapters:
[2020.11.23-15.01.59:865][  0]LogD3D11RHI:    0. 'NVIDIA GeForce GTX 1060' (Feature Level 11_0)
[2020.11.23-15.01.59:865][  0]LogD3D11RHI:       6052/0/8133 MB DedicatedVideo/DedicatedSystem/SharedSystem, Outputs:2, VendorId:0x10de
[2020.11.23-15.01.59:877][  0]LogD3D11RHI:    1. 'Intel(R) HD Graphics 630' (Feature Level 11_0)
[2020.11.23-15.01.59:877][  0]LogD3D11RHI:       128/0/8133 MB DedicatedVideo/DedicatedSystem/SharedSystem, Outputs:0, VendorId:0x8086
[2020.11.23-15.01.59:879][  0]LogD3D11RHI:    2. 'Microsoft Basic Render Driver' (Feature Level 11_0)
[2020.11.23-15.01.59:879][  0]LogD3D11RHI:       0/0/8133 MB DedicatedVideo/DedicatedSystem/SharedSystem, Outputs:0, VendorId:0x1414
[2020.11.23-15.01.59:880][  0]LogD3D11RHI: Chosen D3D11 Adapter: 0
[2020.11.23-15.01.59:892][  0]LogD3D11RHI: Creating new Direct3DDevice
[2020.11.23-15.01.59:892][  0]LogD3D11RHI:     GPU DeviceId: 0x1c20 (for the marketing name, search the web for "GPU Device Id")
[2020.11.23-15.01.59:892][  0]LogWindows: EnumDisplayDevices:
[2020.11.23-15.01.59:892][  0]LogWindows:    0. 'Intel(R) HD Graphics 630' (P:1 D:1)
[2020.11.23-15.01.59:892][  0]LogWindows:    1. 'Intel(R) HD Graphics 630' (P:0 D:0)
[2020.11.23-15.01.59:893][  0]LogWindows:    2. 'Intel(R) HD Graphics 630' (P:0 D:0)
[2020.11.23-15.01.59:893][  0]LogWindows:    3. 'NVIDIA GeForce GTX 1060' (P:0 D:1)
[2020.11.23-15.01.59:894][  0]LogWindows:    4. 'NVIDIA GeForce GTX 1060' (P:0 D:0)
[2020.11.23-15.01.59:894][  0]LogWindows:    5. 'NVIDIA GeForce GTX 1060' (P:0 D:0)
[2020.11.23-15.01.59:894][  0]LogWindows:    6. 'NVIDIA GeForce GTX 1060' (P:0 D:0)
[2020.11.23-15.01.59:895][  0]LogWindows: DebugString: PrimaryIsNotTheChoosenAdapter PrimaryIsNotTheChoosenAdapter PrimaryIsNotTheChoosenAdapter FoundDriverCount:4 
[2020.11.23-15.01.59:895][  0]LogD3D11RHI:     Adapter Name: NVIDIA GeForce GTX 1060
[2020.11.23-15.01.59:895][  0]LogD3D11RHI:   Driver Version: 457.30 (internal:27.21.14.5730, unified:457.30)
[2020.11.23-15.01.59:895][  0]LogD3D11RHI:      Driver Date: 11-6-2020
[2020.11.23-15.01.59:895][  0]LogRHI: Texture pool is 4236 MB (70% of 6052 MB)
[2020.11.23-15.01.59:980][  0]LogD3D11RHI: RHI has support for 64 bit atomics
[2020.11.23-15.01.59:985][  0]LogD3D11RHI: [Aftermath] Enabled and primed
[2020.11.23-15.01.59:985][  0]LogD3D11RHI: Async texture creation enabled
[2020.11.23-15.01.59:985][  0]LogD3D11RHI: Array index from any shader is supported
[2020.11.23-15.02.00:052][  0]LogD3D11RHI: GPU Timing Frequency: 1000.000000 (Debug: 2 1)
[2020.11.23-15.02.00:406][  0]LogTargetPlatformManager: Display: Loaded TargetPlatform 'AllDesktop'
[2020.11.23-15.02.00:431][  0]LogTargetPlatformManager: Display: Loaded TargetPlatform 'Android'
[2020.11.23-15.02.00:431][  0]LogTargetPlatformManager: Display: Loaded TargetPlatform 'Android_ASTC'
[2020.11.23-15.02.00:431][  0]LogTargetPlatformManager: Display: Loaded TargetPlatform 'Android_DXT'
[2020.11.23-15.02.00:431][  0]LogTargetPlatformManager: Display: Loaded TargetPlatform 'Android_ETC2'
[2020.11.23-15.02.00:431][  0]LogTargetPlatformManager: Display: Loaded TargetPlatform 'AndroidClient'
[2020.11.23-15.02.00:431][  0]LogTargetPlatformManager: Display: Loaded TargetPlatform 'Android_ASTCClient'
[2020.11.23-15.02.00:431][  0]LogTargetPlatformManager: Display: Loaded TargetPlatform 'Android_DXTClient'
[2020.11.23-15.02.00:431][  0]LogTargetPlatformManager: Display: Loaded TargetPlatform 'Android_ETC2Client'
[2020.11.23-15.02.00:431][  0]LogTargetPlatformManager: Display: Loaded TargetPlatform 'Android_Multi'
[2020.11.23-15.02.00:431][  0]LogTargetPlatformManager: Display: Loaded TargetPlatform 'Android_MultiClient'
[2020.11.23-15.02.00:457][  0]LogTargetPlatformManager: Display: Loaded TargetPlatform 'IOSClient'
[2020.11.23-15.02.00:457][  0]LogTargetPlatformManager: Display: Loaded TargetPlatform 'IOS'
[2020.11.23-15.02.00:467][  0]LogTargetPlatformManager: Display: Loaded TargetPlatform 'Linux'
[2020.11.23-15.02.00:478][  0]LogTargetPlatformManager: Display: Loaded TargetPlatform 'LinuxNoEditor'
[2020.11.23-15.02.00:488][  0]LogTargetPlatformManager: Display: Loaded TargetPlatform 'LinuxClient'
[2020.11.23-15.02.00:500][  0]LogTargetPlatformManager: Display: Loaded TargetPlatform 'LinuxServer'
[2020.11.23-15.02.00:510][  0]LogTargetPlatformManager: Display: Loaded TargetPlatform 'LinuxAArch64NoEditor'
[2020.11.23-15.02.00:520][  0]LogTargetPlatformManager: Display: Loaded TargetPlatform 'LinuxAArch64Client'
[2020.11.23-15.02.00:529][  0]LogTargetPlatformManager: Display: Loaded TargetPlatform 'LinuxAArch64Server'
[2020.11.23-15.02.00:558][  0]LogTargetPlatformManager: Display: Loaded TargetPlatform 'Lumin'
[2020.11.23-15.02.00:558][  0]LogTargetPlatformManager: Display: Loaded TargetPlatform 'LuminClient'
[2020.11.23-15.02.00:575][  0]LogTargetPlatformManager: Display: Loaded TargetPlatform 'TVOSClient'
[2020.11.23-15.02.00:575][  0]LogTargetPlatformManager: Display: Loaded TargetPlatform 'TVOS'
[2020.11.23-15.02.00:585][  0]LogTargetPlatformManager: Display: Loaded TargetPlatform 'WindowsNoEditor'
[2020.11.23-15.02.00:596][  0]LogTargetPlatformManager: Display: Loaded TargetPlatform 'Windows'
[2020.11.23-15.02.00:606][  0]LogTargetPlatformManager: Display: Loaded TargetPlatform 'WindowsClient'
[2020.11.23-15.02.00:615][  0]LogTargetPlatformManager: Display: Loaded TargetPlatform 'WindowsServer'
[2020.11.23-15.02.00:615][  0]LogTargetPlatformManager: Display: Building Assets For Windows
[2020.11.23-15.02.00:624][  0]LogAudioDebug: Display: Lib vorbis DLL was dynamically loaded.
[2020.11.23-15.02.00:692][  0]LogShaderCompilers: Guid format shader working directory is 6 characters bigger than the processId version (F:/Upskill/Project/ProceduralGeneration/Intermediate/Shaders/WorkingDirectory/33116/).
[2020.11.23-15.02.00:693][  0]LogShaderCompilers: Cleaned the shader compiler working directory 'C:/Users/niall/AppData/Local/Temp/UnrealShaderWorkingDir/7D8951C14133195A0F2352BFC8FA35B8/'.
[2020.11.23-15.02.00:693][  0]LogXGEController: Cannot use XGE Controller as Incredibuild is not installed on this machine.
[2020.11.23-15.02.00:693][  0]LogShaderCompilers: Cannot use XGE Shader Compiler as Incredibuild is not installed on this machine.
[2020.11.23-15.02.00:693][  0]LogShaderCompilers: Display: Using Local Shader Compiler.
[2020.11.23-15.02.01:506][  0]LogDerivedDataCache: Display: Max Cache Size: 512 MB
[2020.11.23-15.02.01:575][  0]LogDerivedDataCache: Loaded boot cache 0.07s 75MB C:/Users/niall/AppData/Local/UnrealEngine/4.25/DerivedDataCache/Boot.ddc.
[2020.11.23-15.02.01:575][  0]LogDerivedDataCache: Display: Loaded Boot cache: C:/Users/niall/AppData/Local/UnrealEngine/4.25/DerivedDataCache/Boot.ddc
[2020.11.23-15.02.01:578][  0]LogDerivedDataCache: FDerivedDataBackendGraph:  Pak pak cache file F:/Upskill/Project/ProceduralGeneration/DerivedDataCache/DDC.ddp not found, will not use a pak cache.
[2020.11.23-15.02.01:578][  0]LogDerivedDataCache: Unable to find inner node Pak for hierarchical cache Hierarchy.
[2020.11.23-15.02.01:578][  0]LogDerivedDataCache: FDerivedDataBackendGraph:  CompressedPak pak cache file F:/Upskill/Project/ProceduralGeneration/DerivedDataCache/Compressed.ddp not found, will not use a pak cache.
[2020.11.23-15.02.01:578][  0]LogDerivedDataCache: Unable to find inner node CompressedPak for hierarchical cache Hierarchy.
[2020.11.23-15.02.01:588][  0]LogDerivedDataCache: Display: Pak cache opened for reading ../../../Engine/DerivedDataCache/Compressed.ddp.
[2020.11.23-15.02.01:588][  0]LogDerivedDataCache: FDerivedDataBackendGraph:  EnterprisePak pak cache file ../../../Enterprise/DerivedDataCache/Compressed.ddp not found, will not use a pak cache.
[2020.11.23-15.02.01:588][  0]LogDerivedDataCache: Unable to find inner node EnterprisePak for hierarchical cache Hierarchy.
[2020.11.23-15.02.01:590][  0]LogDerivedDataCache: Using Local data cache path C:/Users/niall/AppData/Local/UnrealEngine/Common/DerivedDataCache: Writable
[2020.11.23-15.02.01:590][  0]LogDerivedDataCache: Shared data cache path not found in *engine.ini, will not use an Shared cache.
[2020.11.23-15.02.01:590][  0]LogDerivedDataCache: Unable to find inner node Shared for hierarchical cache Hierarchy.
[2020.11.23-15.02.01:645][  0]LogSlate: Using FreeType 2.10.0
[2020.11.23-15.02.01:646][  0]LogSlate: SlateFontServices - WITH_FREETYPE: 1, WITH_HARFBUZZ: 1
[2020.11.23-15.02.01:681][  0]LogAssetRegistry: FAssetRegistry took 0.0037 seconds to start up
[2020.11.23-15.02.01:922][  0]LogInit: Selected Device Profile: [Windows]
[2020.11.23-15.02.09:713][  0]LogMeshReduction: Using QuadricMeshReduction for automatic static mesh reduction
[2020.11.23-15.02.09:713][  0]LogMeshReduction: Using SimplygonMeshReduction for automatic skeletal mesh reduction
[2020.11.23-15.02.09:713][  0]LogMeshReduction: Using ProxyLODMeshReduction for automatic mesh merging
[2020.11.23-15.02.09:713][  0]LogMeshReduction: No distributed automatic mesh merging module available
[2020.11.23-15.02.09:713][  0]LogMeshMerging: No distributed automatic mesh merging module available
[2020.11.23-15.02.09:733][  0]LogNetVersion: ProceduralGeneration 1.0.0, NetCL: 13144385, EngineNetVer: 14, GameNetVer: 0 (Checksum: 3249631168)
[2020.11.23-15.02.12:908][  0]LogAISub: UAISubsystem::UAISubsystem AISubsystem (0000029FF00A4F80), frame # 0
[2020.11.23-15.02.12:908][  0]LogAISub: UAISubsystem::UAISubsystem AIPerceptionSystem (0000029FF2F22AC0), frame # 0
[2020.11.23-15.02.12:910][  0]LogAISub: UAISubsystem::UAISubsystem EnvQueryManager (0000029FF2F72600), frame # 0
[2020.11.23-15.02.15:791][  0]LogPackageLocalizationCache: Processed 19 localized package path(s) for 1 prioritized culture(s) in 2.874204 seconds
[2020.11.23-15.02.15:798][  0]LogUObjectArray: 15917 objects as part of root set at end of initial load.
[2020.11.23-15.02.15:798][  0]LogUObjectAllocator: 3965568 out of 0 bytes used by permanent object pool.
[2020.11.23-15.02.15:798][  0]LogUObjectArray: CloseDisregardForGC: 0/0 objects in disregard for GC pool
[2020.11.23-15.02.16:208][  0]LogTcpMessaging: Initializing TcpMessaging bridge
[2020.11.23-15.02.16:213][  0]LogUdpMessaging: Initializing bridge on interface 0.0.0.0:0 to multicast group 230.0.0.1:6666.
[2020.11.23-15.02.16:347][  0]SourceControl: Source control is disabled
[2020.11.23-15.02.16:347][  0]SourceControl: Source control is disabled
[2020.11.23-15.02.16:352][  0]SourceControl: Source control is disabled
[2020.11.23-15.02.16:356][  0]SourceControl: Source control is disabled
[2020.11.23-15.02.16:364][  0]SourceControl: Source control is disabled
[2020.11.23-15.02.16:380][  0]LogVSAccessor: Display: Unable to create Visual Studio setup instance: 80040154
[2020.11.23-15.02.16:380][  0]LogVSAccessor: Display: Unable to create Visual Studio setup instance: 80040154
[2020.11.23-15.02.16:727][  0]LogAndroidPermission: UAndroidPermissionCallbackProxy::GetInstance
[2020.11.23-15.02.16:754][  0]LogAudioCaptureCore: Display: No Audio Capture implementations found. Audio input will be silent.
[2020.11.23-15.02.16:754][  0]LogAudioCaptureCore: Display: No Audio Capture implementations found. Audio input will be silent.
[2020.11.23-15.02.16:816][  0]LogOcInput: OculusInput pre-init called
[2020.11.23-15.02.16:830][  0]LogWindows: Failed to load 'OVRPlugin.dll' (GetLastError=126)
[2020.11.23-15.02.16:830][  0]LogWindows: File 'OVRPlugin.dll' does not exist
[2020.11.23-15.02.16:899][  0]LogEngine: Initializing Engine...
[2020.11.23-15.02.16:939][  0]LogHMD: Failed to initialize OpenVR with code 102
[2020.11.23-15.02.16:955][  0]LogMagicLeap: Warning: VR disabled because ZI is not enabled.  To enable, in the editor, Edit -> Project Settings -> Plugins -> Magic Leap Plugin -> Enable Zero Iteration
[2020.11.23-15.02.16:958][  0]LogStats: UGameplayTagsManager::InitializeManager -  0.000 s
[2020.11.23-15.02.17:183][  0]LogInit: Initializing FReadOnlyCVARCache
[2020.11.23-15.02.17:197][  0]LogAIModule: Creating AISystem for world Untitled
[2020.11.23-15.02.17:197][  0]LogAISub: UAISubsystem::UAISubsystem EnvQueryManager (0000029FF58E8800), frame # 0
[2020.11.23-15.02.17:197][  0]LogAISub: UAISubsystem::UAISubsystem AIPerceptionSystem (0000029FF5893B00), frame # 0
[2020.11.23-15.02.17:234][  0]LogAudioMixer: Display: Audio Mixer Platform Settings:
[2020.11.23-15.02.17:234][  0]LogAudioMixer: Display: 	Sample Rate:						  48000
[2020.11.23-15.02.17:234][  0]LogAudioMixer: Display: 	Callback Buffer Frame Size Requested: 1024
[2020.11.23-15.02.17:234][  0]LogAudioMixer: Display: 	Callback Buffer Frame Size To Use:	  1024
[2020.11.23-15.02.17:234][  0]LogAudioMixer: Display: 	Number of buffers to queue:			  2
[2020.11.23-15.02.17:234][  0]LogAudioMixer: Display: 	Max Channels (voices):				  32
[2020.11.23-15.02.17:234][  0]LogAudioMixer: Display: 	Number of Async Source Workers:		  0
[2020.11.23-15.02.17:234][  0]LogAudio: Display: AudioDevice MaxSources: 32
[2020.11.23-15.02.17:236][  0]LogAudio: Display: Using built-in audio occlusion.
[2020.11.23-15.02.17:236][  0]LogAudioMixer: Display: Initializing audio mixer.
[2020.11.23-15.02.17:280][  0]LogAudioMixer: Display: 0: FrontLeft
[2020.11.23-15.02.17:280][  0]LogAudioMixer: Display: 1: FrontRight
[2020.11.23-15.02.17:360][  0]LogAudioMixer: Display: Using Audio Device Speakers (Realtek High Definition Audio(SST))
[2020.11.23-15.02.17:369][  0]LogAudioMixer: Display: Initializing Sound Submixes...
[2020.11.23-15.02.17:374][  0]LogAudioMixer: Display: Creating Master Submix 'MasterSubmixDefault'
[2020.11.23-15.02.17:374][  0]LogAudioMixer: Display: Creating Master Submix 'MasterReverbSubmixDefault'
[2020.11.23-15.02.17:378][  0]LogAudioMixer: Display: Creating Master Submix 'MasterEQSubmixDefault'
[2020.11.23-15.02.17:379][  0]LogInit: FAudioDevice initialized.
[2020.11.23-15.02.17:379][  0]LogNetVersion: Set ProjectVersion to 1.0.0.0. Version Checksum will be recalculated on next use.
[2020.11.23-15.02.17:488][  0]LogDerivedDataCache: Saved boot cache 0.11s 75MB C:/Users/niall/AppData/Local/UnrealEngine/4.25/DerivedDataCache/Boot.ddc.
[2020.11.23-15.02.17:496][  0]LogInit: Texture streaming: Enabled
[2020.11.23-15.02.17:544][  0]LogEngineSessionManager: EngineSessionManager initialized
[2020.11.23-15.02.17:544][  0]LogEditorSessionSummary: Verbose: Initializing EditorSessionSummaryWriter for editor session tracking
[2020.11.23-15.02.17:581][  0]LogEditorSessionSummary: EditorSessionSummaryWriter initialized
[2020.11.23-15.02.18:224][  0]LogInit: Transaction tracking system initialized
[2020.11.23-15.02.18:253][  0]BlueprintLog: New page: Editor Load
[2020.11.23-15.02.18:355][  0]LocalizationService: Localization service is disabled
[2020.11.23-15.02.18:529][  0]LogVSAccessor: Display: Unable to create Visual Studio setup instance: 80040154
[2020.11.23-15.02.18:531][  0]LogVSAccessor: Display: Unable to create Visual Studio setup instance: 80040154
[2020.11.23-15.02.18:841][  0]LogCook: Display: Max memory allowance for cook 16384mb min free memory 0mb
[2020.11.23-15.02.18:841][  0]LogCook: Display: Mobile HDR setting 1
[2020.11.23-15.02.19:055][  0]LogFileCache: Scanning file cache for directory 'F:/Upskill/Project/ProceduralGeneration/Content/' took 0.05s
[2020.11.23-15.02.19:428][  0]SourceControl: Source control is disabled
[2020.11.23-15.02.19:428][  0]LogUnrealEdMisc: Loading editor; pre map load, took 29.887
[2020.11.23-15.02.19:428][  0]Cmd: MAP LOAD FILE="F:/Upskill/Project/ProceduralGeneration/Content/FirstPersonBP/Maps/FirstPersonExampleMap.umap" TEMPLATE=0 SHOWPROGRESS=1 FEATURELEVEL=3
[2020.11.23-15.02.21:365][  0]LightingResults: New page: Lighting Build
[2020.11.23-15.02.21:366][  0]LogWorld: UWorld::CleanupWorld for Untitled, bSessionEnded=true, bCleanupResources=true
[2020.11.23-15.02.21:366][  0]LogSlate: InvalidateAllWidgets triggered.  All widgets were invalidated
[2020.11.23-15.02.21:366][  0]MapCheck: New page: Map Check
[2020.11.23-15.02.21:366][  0]LightingResults: New page: Lighting Build
[2020.11.23-15.02.21:377][  0]LogAISub: UAISubsystem::~UAISubsystem EnvQueryManager (0000029FF58E8800), frame # 0
[2020.11.23-15.02.21:377][  0]LogAISub: UAISubsystem::~UAISubsystem AIPerceptionSystem (0000029FF5893B00), frame # 0
[2020.11.23-15.02.21:378][  0]LogUObjectHash: Compacting FUObjectHashTables data took   0.68ms
[2020.11.23-15.02.30:930][  0]LogAIModule: Creating AISystem for world FirstPersonExampleMap
[2020.11.23-15.02.30:930][  0]LogAISub: UAISubsystem::UAISubsystem EnvQueryManager (0000029F8AC08C00), frame # 0
[2020.11.23-15.02.30:930][  0]LogAISub: UAISubsystem::UAISubsystem AIPerceptionSystem (0000029F8BB86E80), frame # 0
[2020.11.23-15.02.33:199][  0]LogEditorServer: Finished looking for orphan Actors (0.000 secs)
[2020.11.23-15.02.33:221][  0]LogUObjectHash: Compacting FUObjectHashTables data took   1.89ms
[2020.11.23-15.02.33:222][  0]Cmd: MAP CHECKDEP NOCLEARLOG
[2020.11.23-15.02.33:223][  0]MapCheck: Map check complete: 0 Error(s), 0 Warning(s), took 0.287ms to complete.
[2020.11.23-15.02.33:223][  0]LogFileHelpers: Loading map 'FirstPersonExampleMap' took 13.795
[2020.11.23-15.02.33:230][  0]LogUnrealEdMisc: Total Editor Startup Time, took 43.690
[2020.11.23-15.02.37:555][  0]LogSlate: Updating window title bar state: overlay mode, drag disabled, window buttons hidden, title bar hidden
[2020.11.23-15.02.37:572][  0]LogSlate: Updating window title bar state: overlay mode, drag disabled, window buttons hidden, title bar hidden
[2020.11.23-15.02.37:581][  0]LogSlate: Updating window title bar state: overlay mode, drag disabled, window buttons hidden, title bar hidden
[2020.11.23-15.02.37:592][  0]LogSlate: Updating window title bar state: overlay mode, drag disabled, window buttons hidden, title bar hidden
[2020.11.23-15.02.37:711][  0]LogCollectionManager: Loaded 0 collections in 0.005593 seconds
[2020.11.23-15.02.37:965][  0]LogFileCache: Scanning file cache for directory 'F:/Upskill/Project/ProceduralGeneration/Saved/Collections/' took 0.00s
[2020.11.23-15.02.37:965][  0]LogFileCache: Scanning file cache for directory 'F:/Upskill/Project/ProceduralGeneration/Content/Developers/niall/Collections/' took 0.00s
[2020.11.23-15.02.37:965][  0]LogFileCache: Scanning file cache for directory 'F:/Upskill/Project/ProceduralGeneration/Content/Collections/' took 0.00s
[2020.11.23-15.02.37:965][  0]LogContentBrowser: Native class hierarchy populated in 0.0154 seconds. Added 3427 classes and 821 folders.
[2020.11.23-15.02.38:228][  0]LogContentBrowser: Native class hierarchy updated for 'WidgetCarousel' in 0.0004 seconds. Added 0 classes and 0 folders.
[2020.11.23-15.02.40:957][  0]LogContentBrowser: Native class hierarchy updated for 'AddContentDialog' in 0.0004 seconds. Added 0 classes and 0 folders.
[2020.11.23-15.02.41:045][  0]LogContentBrowser: Native class hierarchy updated for 'SceneOutliner' in 0.0003 seconds. Added 2 classes and 0 folders.
[2020.11.23-15.02.44:233][  0]LogSlate: Took 0.000272 seconds to synchronously load lazily loaded font '../../../Engine/Content/Slate/Fonts/Roboto-Regular.ttf' (155K)
[2020.11.23-15.02.44:237][  0]LogSlate: Took 0.000422 seconds to synchronously load lazily loaded font '../../../Engine/Content/Slate/Fonts/Roboto-Bold.ttf' (160K)
[2020.11.23-15.02.44:364][  0]LogSlate: Took 0.044959 seconds to synchronously load lazily loaded font '../../../Engine/Content/Editor/Slate/Fonts/FontAwesome.ttf' (139K)
[2020.11.23-15.02.45:182][  0]LogRenderer: Reallocating scene render targets to support 1208x572 Format 10 NumSamples 1 (Frame:1).
[2020.11.23-15.02.46:518][  0]LogContentBrowser: Native class hierarchy updated for 'HierarchicalLODOutliner' in 0.0004 seconds. Added 0 classes and 0 folders.
[2020.11.23-15.02.46:518][  0]LogLoad: (Engine Initialization) Total time: 56.98 seconds
[2020.11.23-15.02.46:518][  0]LogLoad: (Engine Initialization) Total Blueprint compile time: 0.00 seconds
[2020.11.23-15.02.46:780][  0]LogContentStreaming: Texture pool size now 1000 MB
[2020.11.23-15.02.46:984][  0]LogSlate: Took 0.015158 seconds to synchronously load lazily loaded font '../../../Engine/Content/Slate/Fonts/Roboto-Light.ttf' (167K)
[2020.11.23-15.02.47:078][  1]LogAssetRegistry: Asset discovery search completed in 45.3983 seconds
[2020.11.23-15.02.47:082][  1]LogCollectionManager: Fixed up redirectors for 0 collections in 0.000003 seconds (updated 0 objects)
[2020.11.23-15.03.10:329][ 47]LogTexture: Display: Building textures: Texture2D_2 (G8, 128X128)
[2020.11.23-15.03.15:657][ 47]LogSlate: Took 0.130707 seconds to synchronously load lazily loaded font '../../../Engine/Content/Slate/Fonts/Roboto-Italic.ttf' (157K)
[2020.11.23-15.03.47:860][493]Cmd: TRANSACTION UNDO
[2020.11.23-15.03.47:860][493]LogEditorTransaction: Undo Reset to Default
[2020.11.23-15.03.49:177][493]LogSlate: Took 0.000183 seconds to synchronously load lazily loaded font '../../../Engine/Content/Slate/Fonts/Roboto-Light.ttf' (167K)
[2020.11.23-15.03.52:569][691]Cmd: DELETE
[2020.11.23-15.03.52:570][691]Cmd: ACTOR DELETE
[2020.11.23-15.03.53:167][691]LogEditorActor: Deleted Actor: ProceduralFoliageVolume
[2020.11.23-15.03.53:240][691]LogUObjectHash: Compacting FUObjectHashTables data took   0.70ms
[2020.11.23-15.03.53:246][691]LogEditorActor: Deleted 1 Actors (0.258 secs)
[2020.11.23-15.03.55:110][799]Cmd: DELETE
[2020.11.23-15.03.55:110][799]Cmd: ACTOR DELETE
[2020.11.23-15.03.55:201][799]LogEditorActor: Deleted Actor: ProceduralFoliageBlockingVolume
[2020.11.23-15.03.55:215][799]LogUObjectHash: Compacting FUObjectHashTables data took   0.32ms
[2020.11.23-15.03.55:217][799]LogEditorActor: Deleted 1 Actors (0.107 secs)
[2020.11.23-15.03.58:183][970]Cmd: TRANSACTION UNDO
[2020.11.23-15.03.58:183][970]LogEditorTransaction: Undo Delete Actors
[2020.11.23-15.04.00:601][ 88]Cmd: DELETE
[2020.11.23-15.04.00:601][ 88]Cmd: ACTOR DELETE
[2020.11.23-15.04.00:661][ 88]LogEditorActor: Actor GrassSpawner_PF is referenced by ProceduralFoliageBlockingVolume.
[2020.11.23-15.04.04:470][ 88]LogSlate: Window 'Message' being destroyed
[2020.11.23-15.04.04:477][ 88]Message dialog closed, result: No, title: Message, text: Actor GrassSpawner_PF is referenced by other Actors/Objects.
Do you really want to delete it? This will break references.

Reference List:

ProceduralFoliageBlockingVolume
[2020.11.23-15.04.04:490][ 88]LogUObjectHash: Compacting FUObjectHashTables data took   0.41ms
[2020.11.23-15.04.04:493][ 88]LogEditorActor: Deleted 0 Actors (0.078 secs)
[2020.11.23-15.04.07:054][230]Cmd: DELETE
[2020.11.23-15.04.07:054][230]Cmd: ACTOR DELETE
[2020.11.23-15.04.07:055][230]LogEditorActor: Deleted Actor: ProceduralFoliageBlockingVolume
[2020.11.23-15.04.07:069][230]LogUObjectHash: Compacting FUObjectHashTables data took   0.26ms
[2020.11.23-15.04.07:070][230]LogEditorActor: Deleted 1 Actors (0.016 secs)
[2020.11.23-15.04.08:299][300]Cmd: DELETE
[2020.11.23-15.04.08:299][300]Cmd: ACTOR DELETE
[2020.11.23-15.04.08:359][300]LogEditorActor: Deleted Actor: ProceduralFoliageVolume
[2020.11.23-15.04.08:492][300]LogUObjectHash: Compacting FUObjectHashTables data took   0.42ms
[2020.11.23-15.04.08:496][300]LogEditorActor: Deleted 1 Actors (0.196 secs)
[2020.11.23-15.04.09:379][350]Cmd: DELETE
[2020.11.23-15.04.09:379][350]Cmd: ACTOR DELETE
[2020.11.23-15.04.09:382][350]LogEditorActor: Deleted Actor: ProceduralFoliageVolume
[2020.11.23-15.04.09:398][350]LogUObjectHash: Compacting FUObjectHashTables data took   0.72ms
[2020.11.23-15.04.09:399][350]LogEditorActor: Deleted 1 Actors (0.020 secs)
[2020.11.23-15.04.18:124][854]LogSlate: WidgetSwitcher ('None') active index changed to 1
[2020.11.23-15.04.19:631][944]LogSlate: WidgetSwitcher ('None') active index changed to 2
[2020.11.23-15.04.21:517][ 57]LogSlate: WidgetSwitcher ('None') active index changed to 0
[2020.11.23-15.04.34:211][754]LogEditorViewport: Clicking on Actor (context menu): Landscape (Landscape)
[2020.11.23-15.04.38:191][963]LogSlate: WidgetSwitcher ('None') active index changed to 1
[2020.11.23-15.05.18:175][482]LogSlate: WidgetSwitcher ('None') active index changed to 0
[2020.11.23-15.05.25:174][892]Cmd: DELETE
[2020.11.23-15.05.25:174][892]Cmd: ACTOR DELETE
[2020.11.23-15.05.25:176][892]LogEditorActor: Deleted Actor: Landscape
[2020.11.23-15.05.25:317][892]LogUObjectHash: Compacting FUObjectHashTables data took   0.66ms
[2020.11.23-15.05.25:320][892]LogEditorActor: Deleted 1 Actors (0.146 secs)
[2020.11.23-15.05.28:485][ 66]LogTexture: Display: Building textures: Texture2D_3 (G8, 128X128)
[2020.11.23-15.08.55:379][ 28]LogImageWrapper: Warning: PNG Warning: png_do_rgb_to_gray found nongray pixel
[2020.11.23-15.08.55:379][ 28]LogImageWrapper: Warning: PNG Warning: png_do_rgb_to_gray found nongray pixel
[2020.11.23-15.09.50:207][209]Cmd: CAMERA ALIGN ACTIVEVIEWPORTONLY
[2020.11.23-15.09.52:666][315]LogEditorViewport: Clicking Background
[2020.11.23-15.09.53:225][348]Cmd: CAMERA ALIGN ACTIVEVIEWPORTONLY
[2020.11.23-15.09.53:225][348]Can't find target actor or component.
[2020.11.23-15.10.51:707][899]LogTexture: Display: Building textures: Texture2D_0 (BGRA8, 512X512)
[2020.11.23-15.10.51:708][899]LogTexture: Display: Building textures: Texture2D_1 (BGRA8, 512X512)
[2020.11.23-15.10.51:708][899]LogTexture: Display: Building textures: Texture2D_2 (BGRA8, 512X512)
[2020.11.23-15.10.51:708][899]LogTexture: Display: Building textures: Texture2D_3 (BGRA8, 512X512)
[2020.11.23-15.10.51:708][899]LogTexture: Display: Building textures: Texture2D_4 (BGRA8, 512X512)
[2020.11.23-15.10.51:708][899]LogTexture: Display: Building textures: Texture2D_5 (BGRA8, 512X512)
[2020.11.23-15.10.51:708][899]LogTexture: Display: Building textures: Texture2D_6 (BGRA8, 512X512)
[2020.11.23-15.10.51:708][899]LogTexture: Display: Building textures: Texture2D_7 (BGRA8, 512X512)
[2020.11.23-15.10.51:708][899]LogTexture: Display: Building textures: Texture2D_8 (BGRA8, 256X512)
[2020.11.23-15.10.51:708][899]LogTexture: Display: Building textures: Texture2D_9 (BGRA8, 512X512)
[2020.11.23-15.10.51:708][899]LogTexture: Display: Building textures: Texture2D_10 (BGRA8, 512X512)
[2020.11.23-15.10.51:708][899]LogTexture: Display: Building textures: Texture2D_11 (BGRA8, 512X512)
[2020.11.23-15.10.51:708][899]LogTexture: Display: Building textures: Texture2D_12 (BGRA8, 512X512)
[2020.11.23-15.10.51:708][899]LogTexture: Display: Building textures: Texture2D_13 (BGRA8, 512X512)
[2020.11.23-15.10.51:708][899]LogTexture: Display: Building textures: Texture2D_14 (BGRA8, 512X512)
[2020.11.23-15.10.51:708][899]LogTexture: Display: Building textures: Texture2D_15 (BGRA8, 512X512)
[2020.11.23-15.10.51:708][899]LogTexture: Display: Building textures: Texture2D_16 (BGRA8, 512X512)
[2020.11.23-15.10.51:708][899]LogTexture: Display: Building textures: Texture2D_17 (BGRA8, 256X512)
[2020.11.23-15.10.51:708][899]LogTexture: Display: Building textures: Texture2D_18 (BGRA8, 512X512)
[2020.11.23-15.10.51:708][899]LogTexture: Display: Building textures: Texture2D_19 (BGRA8, 512X512)
[2020.11.23-15.10.51:708][899]LogTexture: Display: Building textures: Texture2D_20 (BGRA8, 512X512)
[2020.11.23-15.10.51:708][899]LogTexture: Display: Building textures: Texture2D_21 (BGRA8, 512X512)
[2020.11.23-15.10.51:708][899]LogTexture: Display: Building textures: Texture2D_22 (BGRA8, 512X512)
[2020.11.23-15.10.51:708][899]LogTexture: Display: Building textures: Texture2D_23 (BGRA8, 512X512)
[2020.11.23-15.10.51:709][899]LogTexture: Display: Building textures: Texture2D_24 (BGRA8, 512X512)
[2020.11.23-15.10.51:709][899]LogTexture: Display: Building textures: Texture2D_25 (BGRA8, 512X512)
[2020.11.23-15.10.51:709][899]LogTexture: Display: Building textures: Texture2D_26 (BGRA8, 256X512)
[2020.11.23-15.10.51:709][899]LogTexture: Display: Building textures: Texture2D_27 (BGRA8, 512X512)
[2020.11.23-15.10.51:709][899]LogTexture: Display: Building textures: Texture2D_28 (BGRA8, 512X512)
[2020.11.23-15.10.51:709][899]LogTexture: Display: Building textures: Texture2D_29 (BGRA8, 512X512)
[2020.11.23-15.10.51:709][899]LogTexture: Display: Building textures: Texture2D_30 (BGRA8, 512X512)
[2020.11.23-15.10.51:709][899]LogTexture: Display: Building textures: Texture2D_31 (BGRA8, 512X512)
[2020.11.23-15.10.51:709][899]LogTexture: Display: Building textures: Texture2D_32 (BGRA8, 512X512)
[2020.11.23-15.10.51:709][899]LogTexture: Display: Building textures: Texture2D_33 (BGRA8, 512X512)
[2020.11.23-15.10.51:709][899]LogTexture: Display: Building textures: Texture2D_34 (BGRA8, 512X512)
[2020.11.23-15.10.51:709][899]LogTexture: Display: Building textures: Texture2D_35 (BGRA8, 256X512)
[2020.11.23-15.10.51:709][899]LogTexture: Display: Building textures: Texture2D_36 (BGRA8, 512X512)
[2020.11.23-15.10.51:709][899]LogTexture: Display: Building textures: Texture2D_37 (BGRA8, 512X512)
[2020.11.23-15.10.51:709][899]LogTexture: Display: Building textures: Texture2D_38 (BGRA8, 512X512)
[2020.11.23-15.10.51:709][899]LogTexture: Display: Building textures: Texture2D_39 (BGRA8, 512X512)
[2020.11.23-15.10.51:709][899]LogTexture: Display: Building textures: Texture2D_40 (BGRA8, 512X512)
[2020.11.23-15.10.51:709][899]LogTexture: Display: Building textures: Texture2D_41 (BGRA8, 512X512)
[2020.11.23-15.10.51:709][899]LogTexture: Display: Building textures: Texture2D_42 (BGRA8, 512X512)
[2020.11.23-15.10.51:709][899]LogTexture: Display: Building textures: Texture2D_43 (BGRA8, 512X512)
[2020.11.23-15.10.51:709][899]LogTexture: Display: Building textures: Texture2D_44 (BGRA8, 256X512)
[2020.11.23-15.10.51:709][899]LogTexture: Display: Building textures: Texture2D_45 (BGRA8, 512X512)
[2020.11.23-15.10.51:709][899]LogTexture: Display: Building textures: Texture2D_46 (BGRA8, 512X512)
[2020.11.23-15.10.51:709][899]LogTexture: Display: Building textures: Texture2D_47 (BGRA8, 512X512)
[2020.11.23-15.10.51:709][899]LogTexture: Display: Building textures: Texture2D_48 (BGRA8, 512X512)
[2020.11.23-15.10.51:709][899]LogTexture: Display: Building textures: Texture2D_49 (BGRA8, 512X512)
[2020.11.23-15.10.51:709][899]LogTexture: Display: Building textures: Texture2D_50 (BGRA8, 512X512)
[2020.11.23-15.10.51:709][899]LogTexture: Display: Building textures: Texture2D_51 (BGRA8, 512X512)
[2020.11.23-15.10.51:709][899]LogTexture: Display: Building textures: Texture2D_52 (BGRA8, 512X512)
[2020.11.23-15.10.51:709][899]LogTexture: Display: Building textures: Texture2D_53 (BGRA8, 256X512)
[2020.11.23-15.10.51:709][899]LogTexture: Display: Building textures: Texture2D_54 (BGRA8, 512X512)
[2020.11.23-15.10.51:709][899]LogTexture: Display: Building textures: Texture2D_55 (BGRA8, 512X512)
[2020.11.23-15.10.51:709][899]LogTexture: Display: Building textures: Texture2D_56 (BGRA8, 512X512)
[2020.11.23-15.10.51:709][899]LogTexture: Display: Building textures: Texture2D_57 (BGRA8, 512X512)
[2020.11.23-15.10.51:709][899]LogTexture: Display: Building textures: Texture2D_58 (BGRA8, 512X512)
[2020.11.23-15.10.51:709][899]LogTexture: Display: Building textures: Texture2D_59 (BGRA8, 512X512)
[2020.11.23-15.10.51:709][899]LogTexture: Display: Building textures: Texture2D_60 (BGRA8, 512X512)
[2020.11.23-15.10.51:709][899]LogTexture: Display: Building textures: Texture2D_62 (BGRA8, 256X512)
[2020.11.23-15.10.51:709][899]LogTexture: Display: Building textures: Texture2D_61 (BGRA8, 512X512)
[2020.11.23-15.10.51:709][899]LogTexture: Display: Building textures: Texture2D_63 (BGRA8, 512X512)
[2020.11.23-15.10.51:710][899]LogTexture: Display: Building textures: Texture2D_64 (BGRA8, 512X512)
[2020.11.23-15.10.51:710][899]LogTexture: Display: Building textures: Texture2D_65 (BGRA8, 512X512)
[2020.11.23-15.10.51:710][899]LogTexture: Display: Building textures: Texture2D_66 (BGRA8, 512X512)
[2020.11.23-15.10.51:710][899]LogTexture: Display: Building textures: Texture2D_67 (BGRA8, 512X512)
[2020.11.23-15.10.51:710][899]LogTexture: Display: Building textures: Texture2D_68 (BGRA8, 512X512)
[2020.11.23-15.10.51:710][899]LogTexture: Display: Building textures: Texture2D_69 (BGRA8, 512X512)
[2020.11.23-15.10.51:710][899]LogTexture: Display: Building textures: Texture2D_71 (BGRA8, 256X512)
[2020.11.23-15.10.51:710][899]LogTexture: Display: Building textures: Texture2D_70 (BGRA8, 512X512)
[2020.11.23-15.10.51:710][899]LogTexture: Display: Building textures: Texture2D_72 (BGRA8, 512X256)
[2020.11.23-15.10.51:710][899]LogTexture: Display: Building textures: Texture2D_73 (BGRA8, 512X256)
[2020.11.23-15.10.51:710][899]LogTexture: Display: Building textures: Texture2D_74 (BGRA8, 512X256)
[2020.11.23-15.10.51:710][899]LogTexture: Display: Building textures: Texture2D_75 (BGRA8, 512X256)
[2020.11.23-15.10.51:710][899]LogTexture: Display: Building textures: Texture2D_77 (BGRA8, 512X256)
[2020.11.23-15.10.51:710][899]LogTexture: Display: Building textures: Texture2D_76 (BGRA8, 512X256)
[2020.11.23-15.10.51:710][899]LogTexture: Display: Building textures: Texture2D_78 (BGRA8, 512X256)
[2020.11.23-15.10.51:710][899]LogTexture: Display: Building textures: Texture2D_79 (BGRA8, 512X256)
[2020.11.23-15.10.51:710][899]LogTexture: Display: Building textures: Texture2D_80 (BGRA8, 256X256)
[2020.11.23-15.10.54:450][899]LogImageWrapper: Warning: PNG Warning: png_do_rgb_to_gray found nongray pixel
[2020.11.23-15.10.54:450][899]LogImageWrapper: Warning: PNG Warning: png_do_rgb_to_gray found nongray pixel
[2020.11.23-15.10.54:544][899]LogImageWrapper: Warning: PNG Warning: png_do_rgb_to_gray found nongray pixel
[2020.11.23-15.10.54:544][899]LogImageWrapper: Warning: PNG Warning: png_do_rgb_to_gray found nongray pixel
[2020.11.23-15.10.54:565][899]LogSlate: WidgetSwitcher ('None') active index changed to 1
[2020.11.23-15.11.01:765][141]Cmd: TRANSACTION UNDO
[2020.11.23-15.11.01:765][141]LogEditorTransaction: Undo Creating New Landscape
[2020.11.23-15.11.02:248][141]LogSlate: WidgetSwitcher ('None') active index changed to 0
[2020.11.23-15.11.02:295][141]LogImageWrapper: Warning: PNG Warning: png_do_rgb_to_gray found nongray pixel
[2020.11.23-15.11.02:295][141]LogImageWrapper: Warning: PNG Warning: png_do_rgb_to_gray found nongray pixel
[2020.11.23-15.11.02:362][141]LogImageWrapper: Warning: PNG Warning: png_do_rgb_to_gray found nongray pixel
[2020.11.23-15.11.02:362][141]LogImageWrapper: Warning: PNG Warning: png_do_rgb_to_gray found nongray pixel
[2020.11.23-15.12.31:553][663]LogEditorViewport: Clicking on Actor (LMB): StaticMeshActor (Plane2)
[2020.11.23-15.12.33:296][682]Cmd: CAMERA ALIGN ACTIVEVIEWPORTONLY
[2020.11.23-15.12.41:976][ 58]LogSlate: Window 'Pick Parent Class' being destroyed
[2020.11.23-15.12.48:585][384]LogAssetEditorSubsystem: Opening Asset editor for Blueprint /Game/ProceduralGeneration/Terrain_Generation.Terrain_Generation
[2020.11.23-15.12.50:258][384]LogContentBrowser: Native class hierarchy updated for 'BlueprintGraph' in 0.0006 seconds. Added 125 classes and 0 folders.
[2020.11.23-15.12.53:121][384]LogRenderer: Reallocating scene render targets to support 1208x712 Format 10 NumSamples 1 (Frame:1).
[2020.11.23-15.12.58:788][613]LogSlate: Took 0.001197 seconds to synchronously load lazily loaded font '../../../Engine/Content/Slate/Fonts/Roboto-BoldCondensed.ttf' (158K)
[2020.11.23-15.13.36:456][585]BlueprintLog: New page: Compile Terrain_Generation
[2020.11.23-15.13.37:128][585]LogUObjectHash: Compacting FUObjectHashTables data took   2.04ms
[2020.11.23-15.14.22:085][111]BlueprintLog: New page: Compile Terrain_Generation
[2020.11.23-15.14.22:172][111]LogUObjectHash: Compacting FUObjectHashTables data took   2.05ms
[2020.11.23-15.14.36:684][933]BlueprintLog: New page: Compile Terrain_Generation
[2020.11.23-15.14.36:722][933]LogUObjectHash: Compacting FUObjectHashTables data took   2.39ms
[2020.11.23-15.14.38:282][  8]LogSlate: Took 0.068125 seconds to synchronously load lazily loaded font '../../../Engine/Content/Slate/Fonts/Roboto-BoldCondensedItalic.ttf' (160K)
[2020.11.23-15.14.40:745][149]BlueprintLog: New page: Compile Terrain_Generation
[2020.11.23-15.14.40:747][149]LogClass: Warning: Type mismatch in Map Size of Terrain_Generation_C - Previous (BoolProperty) Current(IntProperty) for package:  FObjectReader
[2020.11.23-15.14.40:782][149]LogUObjectHash: Compacting FUObjectHashTables data took   2.47ms
[2020.11.23-15.16.57:684][914]BlueprintLog: New page: Compile Terrain_Generation
[2020.11.23-15.16.57:728][914]LogUObjectHash: Compacting FUObjectHashTables data took   2.77ms
[2020.11.23-15.17.07:407][428]LogPlayLevel: PlayLevel: No blueprints needed recompiling
[2020.11.23-15.17.07:483][428]PIE: New page: SIE session: FirstPersonExampleMap (23 Nov 2020, 15:17:07)
[2020.11.23-15.17.07:557][428]LogOnline: OSS: Creating online subsystem instance for: NULL
[2020.11.23-15.17.07:563][428]LogOnline: OSS: TryLoadSubsystemAndSetDefault: Loaded subsystem for module [NULL]
[2020.11.23-15.17.07:574][428]LogPlayLevel: Creating play world package: /Game/FirstPersonBP/Maps/UEDPIE_0_FirstPersonExampleMap
[2020.11.23-15.17.07:663][428]LogPlayLevel: PIE: StaticDuplicateObject took: (0.089172s)
[2020.11.23-15.17.07:682][428]LogAIModule: Creating AISystem for world FirstPersonExampleMap
[2020.11.23-15.17.07:682][428]LogAISub: UAISubsystem::UAISubsystem EnvQueryManager (000002A00B8EAC00), frame # 28428
[2020.11.23-15.17.07:682][428]LogAISub: UAISubsystem::UAISubsystem AIPerceptionSystem (000002A020445F80), frame # 28428
[2020.11.23-15.17.07:682][428]LogPlayLevel: PIE: World Init took: (0.018405s)
[2020.11.23-15.17.07:683][428]LogPlayLevel: PIE: Created PIE world by copying editor world from /Game/FirstPersonBP/Maps/FirstPersonExampleMap.FirstPersonExampleMap to /Game/FirstPersonBP/Maps/UEDPIE_0_FirstPersonExampleMap.FirstPersonExampleMap (0.107970s)
[2020.11.23-15.17.07:709][428]LogUObjectHash: Compacting FUObjectHashTables data took   1.86ms
[2020.11.23-15.17.07:719][428]LogAudioMixer: Display: Audio Mixer Platform Settings:
[2020.11.23-15.17.07:719][428]LogAudioMixer: Display: 	Sample Rate:						  48000
[2020.11.23-15.17.07:719][428]LogAudioMixer: Display: 	Callback Buffer Frame Size Requested: 1024
[2020.11.23-15.17.07:719][428]LogAudioMixer: Display: 	Callback Buffer Frame Size To Use:	  1024
[2020.11.23-15.17.07:719][428]LogAudioMixer: Display: 	Number of buffers to queue:			  2
[2020.11.23-15.17.07:719][428]LogAudioMixer: Display: 	Max Channels (voices):				  32
[2020.11.23-15.17.07:719][428]LogAudioMixer: Display: 	Number of Async Source Workers:		  0
[2020.11.23-15.17.07:719][428]LogAudio: Display: AudioDevice MaxSources: 32
[2020.11.23-15.17.07:719][428]LogAudio: Display: Using built-in audio occlusion.
[2020.11.23-15.17.07:719][428]LogAudioMixer: Display: Initializing audio mixer.
[2020.11.23-15.17.07:729][428]LogAudioMixer: Display: 0: FrontLeft
[2020.11.23-15.17.07:729][428]LogAudioMixer: Display: 1: FrontRight
[2020.11.23-15.17.07:763][428]LogAudioMixer: Display: Using Audio Device Speakers (Realtek High Definition Audio(SST))
[2020.11.23-15.17.07:763][428]LogAudioMixer: Display: Initializing Sound Submixes...
[2020.11.23-15.17.07:763][428]LogAudioMixer: Display: Creating Master Submix 'MasterSubmixDefault'
[2020.11.23-15.17.07:763][428]LogAudioMixer: Display: Creating Master Submix 'MasterReverbSubmixDefault'
[2020.11.23-15.17.07:763][428]LogAudioMixer: Display: Creating Master Submix 'MasterEQSubmixDefault'
[2020.11.23-15.17.07:782][428]LogInit: FAudioDevice initialized.
[2020.11.23-15.17.07:818][428]LogLoad: Game class is 'FirstPersonGameMode_C'
[2020.11.23-15.17.07:972][428]LogWorld: Bringing World /Game/FirstPersonBP/Maps/UEDPIE_0_FirstPersonExampleMap.FirstPersonExampleMap up for play (max tick rate 60) at 2020.11.23-15.17.07
[2020.11.23-15.17.08:033][428]LogWorld: Bringing up level for play took: 0.049414
[2020.11.23-15.17.08:037][428]LogOnline: OSS: Creating online subsystem instance for: :Context_5
[2020.11.23-15.17.08:277][428]LogContentBrowser: Native class hierarchy updated for 'MovieSceneCapture' in 0.0004 seconds. Added 20 classes and 0 folders.
[2020.11.23-15.17.08:355][428]PIE: Server logged in
[2020.11.23-15.17.08:357][428]PIE: Play in editor total start time 1.074 seconds.
[2020.11.23-15.17.17:187][822]LogSlate: Updating window title bar state: overlay mode, drag disabled, window buttons hidden, title bar hidden
[2020.11.23-15.17.17:187][822]LogWorld: BeginTearingDown for /Game/FirstPersonBP/Maps/UEDPIE_0_FirstPersonExampleMap
[2020.11.23-15.17.17:336][822]LogWorld: UWorld::CleanupWorld for FirstPersonExampleMap, bSessionEnded=true, bCleanupResources=true
[2020.11.23-15.17.17:336][822]LogSlate: InvalidateAllWidgets triggered.  All widgets were invalidated
[2020.11.23-15.17.17:461][822]LogPlayLevel: Display: Shutting down PIE online subsystems
[2020.11.23-15.17.17:467][822]LogSlate: InvalidateAllWidgets triggered.  All widgets were invalidated
[2020.11.23-15.17.17:523][822]LogSlate: Updating window title bar state: overlay mode, drag disabled, window buttons hidden, title bar hidden
[2020.11.23-15.17.17:526][822]LogAISub: UAISubsystem::~UAISubsystem AIPerceptionSystem (000002A020445F80), frame # 28822
[2020.11.23-15.17.17:526][822]LogAISub: UAISubsystem::~UAISubsystem EnvQueryManager (000002A00B8EAC00), frame # 28822
[2020.11.23-15.17.17:544][822]LogUObjectHash: Compacting FUObjectHashTables data took   3.08ms
[2020.11.23-15.17.19:167][823]LogPlayLevel: Display: Destroying online subsystem :Context_5
[2020.11.23-15.17.35:094][729]BlueprintLog: New page: Compile Terrain_Generation
[2020.11.23-15.17.35:154][729]LogUObjectHash: Compacting FUObjectHashTables data took   4.56ms
[2020.11.23-15.17.36:913][825]LogTemp: Repeating last play command: Simulate
[2020.11.23-15.17.36:976][825]LogPlayLevel: PlayLevel: No blueprints needed recompiling
[2020.11.23-15.17.36:976][825]PIE: New page: SIE session: FirstPersonExampleMap (23 Nov 2020, 15:17:36)
[2020.11.23-15.17.36:976][825]LogPlayLevel: Creating play world package: /Game/FirstPersonBP/Maps/UEDPIE_0_FirstPersonExampleMap
[2020.11.23-15.17.36:990][825]LogPlayLevel: PIE: StaticDuplicateObject took: (0.013824s)
[2020.11.23-15.17.36:992][825]LogAIModule: Creating AISystem for world FirstPersonExampleMap
[2020.11.23-15.17.36:992][825]LogAISub: UAISubsystem::UAISubsystem EnvQueryManager (000002A01B67B400), frame # 29825
[2020.11.23-15.17.36:992][825]LogAISub: UAISubsystem::UAISubsystem AIPerceptionSystem (0000029F9D0F5A80), frame # 29825
[2020.11.23-15.17.36:993][825]LogPlayLevel: PIE: World Init took: (0.002308s)
[2020.11.23-15.17.36:993][825]LogPlayLevel: PIE: Created PIE world by copying editor world from /Game/FirstPersonBP/Maps/FirstPersonExampleMap.FirstPersonExampleMap to /Game/FirstPersonBP/Maps/UEDPIE_0_FirstPersonExampleMap.FirstPersonExampleMap (0.016524s)
[2020.11.23-15.17.37:022][825]LogUObjectHash: Compacting FUObjectHashTables data took   3.34ms
[2020.11.23-15.17.37:023][825]LogAudioMixer: Display: Audio Mixer Platform Settings:
[2020.11.23-15.17.37:023][825]LogAudioMixer: Display: 	Sample Rate:						  48000
[2020.11.23-15.17.37:023][825]LogAudioMixer: Display: 	Callback Buffer Frame Size Requested: 1024
[2020.11.23-15.17.37:023][825]LogAudioMixer: Display: 	Callback Buffer Frame Size To Use:	  1024
[2020.11.23-15.17.37:023][825]LogAudioMixer: Display: 	Number of buffers to queue:			  2
[2020.11.23-15.17.37:023][825]LogAudioMixer: Display: 	Max Channels (voices):				  32
[2020.11.23-15.17.37:023][825]LogAudioMixer: Display: 	Number of Async Source Workers:		  0
[2020.11.23-15.17.37:023][825]LogAudio: Display: AudioDevice MaxSources: 32
[2020.11.23-15.17.37:023][825]LogAudio: Display: Using built-in audio occlusion.
[2020.11.23-15.17.37:023][825]LogAudioMixer: Display: Initializing audio mixer.
[2020.11.23-15.17.37:031][825]LogAudioMixer: Display: 0: FrontLeft
[2020.11.23-15.17.37:031][825]LogAudioMixer: Display: 1: FrontRight
[2020.11.23-15.17.37:062][825]LogAudioMixer: Display: Using Audio Device Speakers (Realtek High Definition Audio(SST))
[2020.11.23-15.17.37:062][825]LogAudioMixer: Display: Initializing Sound Submixes...
[2020.11.23-15.17.37:062][825]LogAudioMixer: Display: Creating Master Submix 'MasterSubmixDefault'
[2020.11.23-15.17.37:062][825]LogAudioMixer: Display: Creating Master Submix 'MasterReverbSubmixDefault'
[2020.11.23-15.17.37:062][825]LogAudioMixer: Display: Creating Master Submix 'MasterEQSubmixDefault'
[2020.11.23-15.17.37:079][825]LogInit: FAudioDevice initialized.
[2020.11.23-15.17.37:093][825]LogLoad: Game class is 'FirstPersonGameMode_C'
[2020.11.23-15.17.37:094][825]LogWorld: Bringing World /Game/FirstPersonBP/Maps/UEDPIE_0_FirstPersonExampleMap.FirstPersonExampleMap up for play (max tick rate 60) at 2020.11.23-15.17.37
[2020.11.23-15.17.37:094][825]LogWorld: Bringing up level for play took: 0.001174
[2020.11.23-15.17.37:094][825]LogOnline: OSS: Creating online subsystem instance for: :Context_6
[2020.11.23-15.17.37:098][825]PIE: Server logged in
[2020.11.23-15.17.37:099][825]PIE: Play in editor total start time 0.127 seconds.
[2020.11.23-15.17.39:645][952]LogEditorViewport: Clicking on Actor (LMB): Terrain_Generation_C (Terrain_Generation)
[2020.11.23-15.17.40:327][986]Cmd: CAMERA ALIGN ACTIVEVIEWPORTONLY
[2020.11.23-15.17.44:439][191]LogSlate: Updating window title bar state: overlay mode, drag disabled, window buttons hidden, title bar hidden
[2020.11.23-15.17.44:439][191]LogWorld: BeginTearingDown for /Game/FirstPersonBP/Maps/UEDPIE_0_FirstPersonExampleMap
[2020.11.23-15.17.44:440][191]LogWorld: UWorld::CleanupWorld for FirstPersonExampleMap, bSessionEnded=true, bCleanupResources=true
[2020.11.23-15.17.44:440][191]LogSlate: InvalidateAllWidgets triggered.  All widgets were invalidated
[2020.11.23-15.17.44:454][191]LogPlayLevel: Display: Shutting down PIE online subsystems
[2020.11.23-15.17.44:459][191]LogSlate: InvalidateAllWidgets triggered.  All widgets were invalidated
[2020.11.23-15.17.44:508][191]LogSlate: Updating window title bar state: overlay mode, drag disabled, window buttons hidden, title bar hidden
[2020.11.23-15.17.44:508][191]LogAISub: UAISubsystem::~UAISubsystem AIPerceptionSystem (0000029F9D0F5A80), frame # 30191
[2020.11.23-15.17.44:508][191]LogAISub: UAISubsystem::~UAISubsystem EnvQueryManager (000002A01B67B400), frame # 30191
[2020.11.23-15.17.44:512][191]LogUObjectHash: Compacting FUObjectHashTables data took   2.47ms
[2020.11.23-15.17.44:601][192]LogPlayLevel: Display: Destroying online subsystem :Context_6
[2020.11.23-15.17.55:926][836]BlueprintLog: New page: Compile Terrain_Generation
[2020.11.23-15.17.55:976][836]LogUObjectHash: Compacting FUObjectHashTables data took   2.88ms
[2020.11.23-15.18.53:565][ 45]LogUObjectHash: Compacting FUObjectHashTables data took   5.44ms
[2020.11.23-15.18.55:737][ 45]LogSlate: Window 'Save Content' being destroyed
[2020.11.23-15.19.01:954][385]LogUObjectHash: Compacting FUObjectHashTables data took   0.58ms
